2018-10-19T02:23:06.678Z - error: uncaughtException: (unknown path)
  unexpected end of file date=Fri Oct 19 2018 10:23:06 GMT+0800 (Malay Peninsula Standard Time), pid=23068, uid=null, gid=null, cwd=E:\Teaching\aug2018\website, execPath=C:\Program Files\nodejs\node.exe, version=v8.11.3, argv=[C:\Program Files\nodejs\node.exe, C:\Users\dcsaksh\AppData\Roaming\npm\node_modules\markbind-cli\index.js, serve], rss=198139904, heapTotal=176009216, heapUsed=107588992, external=441629, loadavg=[0, 0, 0], uptime=348212.1791691
Template render error: (unknown path)
  unexpected end of file
    at Object._prettifyError (C:\Users\dcsaksh\AppData\Roaming\npm\node_modules\markbind-cli\node_modules\nunjucks\src\lib.js:36:11)
    at Template.render (C:\Users\dcsaksh\AppData\Roaming\npm\node_modules\markbind-cli\node_modules\nunjucks\src\environment.js:524:21)
    at Environment.renderString (C:\Users\dcsaksh\AppData\Roaming\npm\node_modules\markbind-cli\node_modules\nunjucks\src\environment.js:362:17)
    at Object.renderString (C:\Users\dcsaksh\AppData\Roaming\npm\node_modules\markbind-cli\node_modules\nunjucks\index.js:98:14)
    at fs.readFile (C:\Users\dcsaksh\AppData\Roaming\npm\node_modules\markbind-cli\lib\markbind\lib\parser.js:377:36)
    at FSReqWrap.readFileAfterClose [as oncomplete] (fs.js:511:3)
2018-10-19T02:25:49.584Z - error: uncaughtException: (unknown path)
  unexpected end of file date=Fri Oct 19 2018 10:25:49 GMT+0800 (Malay Peninsula Standard Time), pid=32580, uid=null, gid=null, cwd=E:\Teaching\aug2018\website, execPath=C:\Program Files\nodejs\node.exe, version=v8.11.3, argv=[C:\Program Files\nodejs\node.exe, C:\Users\dcsaksh\AppData\Roaming\npm\node_modules\markbind-cli\index.js, serve], rss=214831104, heapTotal=192655360, heapUsed=127328224, external=312695, loadavg=[0, 0, 0], uptime=348375.0862683
Template render error: (unknown path)
  unexpected end of file
    at Object._prettifyError (C:\Users\dcsaksh\AppData\Roaming\npm\node_modules\markbind-cli\node_modules\nunjucks\src\lib.js:36:11)
    at Template.render (C:\Users\dcsaksh\AppData\Roaming\npm\node_modules\markbind-cli\node_modules\nunjucks\src\environment.js:524:21)
    at Environment.renderString (C:\Users\dcsaksh\AppData\Roaming\npm\node_modules\markbind-cli\node_modules\nunjucks\src\environment.js:362:17)
    at Object.renderString (C:\Users\dcsaksh\AppData\Roaming\npm\node_modules\markbind-cli\node_modules\nunjucks\index.js:98:14)
    at fs.readFile (C:\Users\dcsaksh\AppData\Roaming\npm\node_modules\markbind-cli\lib\markbind\lib\parser.js:377:36)
    at FSReqWrap.readFileAfterClose [as oncomplete] (fs.js:511:3)
2018-10-19T02:27:23.270Z - error: uncaughtException: (unknown path)
  unexpected end of file date=Fri Oct 19 2018 10:27:23 GMT+0800 (Malay Peninsula Standard Time), pid=35096, uid=null, gid=null, cwd=E:\Teaching\aug2018\website, execPath=C:\Program Files\nodejs\node.exe, version=v8.11.3, argv=[C:\Program Files\nodejs\node.exe, C:\Users\dcsaksh\AppData\Roaming\npm\node_modules\markbind-cli\index.js, serve], rss=205402112, heapTotal=182689792, heapUsed=122200928, external=540436, loadavg=[0, 0, 0], uptime=348468.7695543
Template render error: (unknown path)
  unexpected end of file
    at Object._prettifyError (C:\Users\dcsaksh\AppData\Roaming\npm\node_modules\markbind-cli\node_modules\nunjucks\src\lib.js:36:11)
    at Template.render (C:\Users\dcsaksh\AppData\Roaming\npm\node_modules\markbind-cli\node_modules\nunjucks\src\environment.js:524:21)
    at Environment.renderString (C:\Users\dcsaksh\AppData\Roaming\npm\node_modules\markbind-cli\node_modules\nunjucks\src\environment.js:362:17)
    at Object.renderString (C:\Users\dcsaksh\AppData\Roaming\npm\node_modules\markbind-cli\node_modules\nunjucks\index.js:98:14)
    at fs.readFile (C:\Users\dcsaksh\AppData\Roaming\npm\node_modules\markbind-cli\lib\markbind\lib\parser.js:377:36)
    at FSReqWrap.readFileAfterClose [as oncomplete] (fs.js:511:3)
2018-10-19T02:30:20.920Z - info: Pages built
2018-10-19T02:30:21.021Z - info: Site data built
2018-10-19T02:30:21.027Z - info: Generate Site durationMs=75065
2018-10-19T02:30:21.277Z - info: Serving "E:\Teaching\aug2018\website\_site" at http://127.0.0.1:8080
2018-10-19T02:30:21.277Z - info: Press CTRL+C to stop ...
