2018-08-13T09:31:06.189Z - info: Pages built
2018-08-13T09:31:06.295Z - info: Site data built
2018-08-13T09:31:06.301Z - info: Generate Site durationMs=54294
2018-08-13T09:31:06.538Z - info: Serving "E:\Teaching\aug2018\website\_site" at http://127.0.0.1:8080
2018-08-13T09:31:06.539Z - info: Press CTRL+C to stop ...
2018-08-13T09:37:05.771Z - info: Reload for file change: E:\Teaching\aug2018\website\schedule\week2\tutorial.md
2018-08-13T09:37:06.773Z - verbose: Rebuild affected paths: E:\Teaching\aug2018\website\schedule\week2\tutorial.md
2018-08-13T09:37:06.775Z - info: Rebuilding 5 pages
2018-08-13T09:37:16.715Z - info: Pages rebuilt
2018-08-13T09:37:16.725Z - info: Site data built
2018-08-13T09:40:15.268Z - info: Reload for file change: E:\Teaching\aug2018\website\se-book-adapted\config.njk
2018-08-13T09:40:16.272Z - info: Assets built
2018-08-13T09:44:32.148Z - info: Reload for file change: E:\Teaching\aug2018\website\schedule\week4\tutorial.md
2018-08-13T09:44:33.148Z - verbose: Rebuild affected paths: E:\Teaching\aug2018\website\schedule\week4\tutorial.md
2018-08-13T09:44:33.150Z - info: Rebuilding 2 pages
2018-08-13T09:44:40.215Z - info: Pages rebuilt
2018-08-13T09:44:40.225Z - info: Site data built
2018-08-13T09:45:09.957Z - info: Reload for file change: E:\Teaching\aug2018\website\schedule\week4\tutorial.md
2018-08-13T09:45:10.958Z - verbose: Rebuild affected paths: E:\Teaching\aug2018\website\schedule\week4\tutorial.md
2018-08-13T09:45:10.961Z - info: Rebuilding 2 pages
2018-08-13T09:45:17.943Z - info: Pages rebuilt
2018-08-13T09:45:17.951Z - info: Site data built
2018-08-13T09:47:51.151Z - info: Reload for file change: E:\Teaching\aug2018\website\schedule\week4\tutorial.md
2018-08-13T09:47:52.152Z - verbose: Rebuild affected paths: E:\Teaching\aug2018\website\schedule\week4\tutorial.md
2018-08-13T09:47:52.152Z - info: Rebuilding 2 pages
2018-08-13T09:48:00.075Z - info: Pages rebuilt
2018-08-13T09:48:00.092Z - info: Site data built
2018-08-13T09:48:04.076Z - info: Reload for file change: E:\Teaching\aug2018\website\schedule\week4\tutorial.md
2018-08-13T09:48:05.079Z - verbose: Rebuild affected paths: E:\Teaching\aug2018\website\schedule\week4\tutorial.md
2018-08-13T09:48:05.080Z - info: Rebuilding 2 pages
2018-08-13T09:48:11.764Z - info: Pages rebuilt
2018-08-13T09:48:11.773Z - info: Site data built
2018-08-13T10:22:34.665Z - info: Reload for file change: E:\Teaching\aug2018\website\schedule\week4\tutorial.md
2018-08-13T10:22:35.666Z - verbose: Rebuild affected paths: E:\Teaching\aug2018\website\schedule\week4\tutorial.md
2018-08-13T10:22:35.668Z - info: Rebuilding 2 pages
2018-08-13T10:22:43.243Z - info: Pages rebuilt
2018-08-13T10:22:43.262Z - info: Site data built
2018-08-13T10:23:53.253Z - info: Reload for file change: E:\Teaching\aug2018\website\schedule\week4\tutorial.md
2018-08-13T10:23:54.255Z - verbose: Rebuild affected paths: E:\Teaching\aug2018\website\schedule\week4\tutorial.md
2018-08-13T10:23:54.255Z - info: Rebuilding 2 pages
2018-08-13T10:24:01.407Z - info: Pages rebuilt
2018-08-13T10:24:01.417Z - info: Site data built
2018-08-13T10:40:18.743Z - info: Pages built
2018-08-13T10:40:18.841Z - info: Site data built
2018-08-13T10:40:18.846Z - info: Generate Site durationMs=50212
2018-08-13T10:40:19.078Z - info: Serving "E:\Teaching\aug2018\website\_site" at http://127.0.0.1:8080
2018-08-13T10:40:19.078Z - info: Press CTRL+C to stop ...
