2018-10-18T05:29:25.565Z - info: Pages built
2018-10-18T05:29:25.674Z - info: Site data built
2018-10-18T05:29:25.679Z - info: Generate Site durationMs=74554
2018-10-18T05:29:25.914Z - info: Serving "E:\Teaching\aug2018\website\_site" at http://127.0.0.1:8080
2018-10-18T05:29:25.914Z - info: Press CTRL+C to stop ...
2018-10-18T07:53:57.800Z - info: Reload for file change: E:\Teaching\aug2018\website\common\header.md
2018-10-18T07:53:58.803Z - verbose: Rebuild affected paths: E:\Teaching\aug2018\website\common\header.md
2018-10-18T07:53:58.813Z - info: Rebuilding 90 pages
2018-10-18T07:54:39.304Z - info: Pages rebuilt
2018-10-18T07:54:39.313Z - info: Site data built
2018-10-18T10:19:14.916Z - info: Reload for file add: E:\Teaching\aug2018\website\admin\reposenseAuthorAnnotation.md
2018-10-18T10:19:15.924Z - verbose: Rebuild affected paths: E:\Teaching\aug2018\website\admin\reposenseAuthorAnnotation.md
2018-10-18T10:19:15.930Z - info: Rebuilding 0 pages
2018-10-18T10:19:15.930Z - info: Pages rebuilt
2018-10-18T10:19:15.948Z - info: Site data built
2018-10-18T10:19:35.230Z - info: Reload for file change: E:\Teaching\aug2018\website\admin\reposenseAuthorAnnotation.md
2018-10-18T10:19:36.230Z - verbose: Rebuild affected paths: E:\Teaching\aug2018\website\admin\reposenseAuthorAnnotation.md
2018-10-18T10:19:36.230Z - info: Rebuilding 0 pages
2018-10-18T10:19:36.231Z - info: Pages rebuilt
2018-10-18T10:19:36.237Z - info: Site data built
2018-10-18T10:21:13.161Z - info: Reload for file change: E:\Teaching\aug2018\website\admin\policies.fr
2018-10-18T10:21:14.189Z - info: Assets built
2018-10-18T10:21:53.432Z - info: Reload for file change: E:\Teaching\aug2018\website\admin\policies.fr
2018-10-18T10:21:54.447Z - info: Assets built
2018-10-18T10:22:22.449Z - info: Reload for file change: E:\Teaching\aug2018\website\admin\project-deliverables.md
2018-10-18T10:22:23.450Z - verbose: Rebuild affected paths: E:\Teaching\aug2018\website\admin\project-deliverables.md
2018-10-18T10:22:23.455Z - info: Rebuilding 25 pages
2018-10-18T10:22:56.749Z - info: Pages rebuilt
2018-10-18T10:22:56.762Z - info: Site data built
2018-10-18T10:27:17.617Z - info: Reload for file change: E:\Teaching\aug2018\website\admin\project-w10-mid-v13.md
2018-10-18T10:27:18.618Z - verbose: Rebuild affected paths: E:\Teaching\aug2018\website\admin\project-w10-mid-v13.md
2018-10-18T10:27:18.622Z - info: Rebuilding 5 pages
2018-10-18T10:27:36.446Z - info: Pages rebuilt
2018-10-18T10:27:36.455Z - info: Site data built
2018-10-18T10:27:49.485Z - info: Reload for file change: E:\Teaching\aug2018\website\admin\project-w10-mid-v13.md
2018-10-18T10:27:50.486Z - verbose: Rebuild affected paths: E:\Teaching\aug2018\website\admin\project-w10-mid-v13.md
2018-10-18T10:27:50.487Z - info: Rebuilding 5 pages
2018-10-18T10:27:50.918Z - error:  Error: No such file: E:\Teaching\aug2018\website\admin\reposenseCompatibility.md
Missing reference in E:\Teaching\aug2018\website\admin\project-w10-mid-v13.md
    at Parser._preprocess (C:\Users\dcsaksh\AppData\Roaming\npm\node_modules\markbind-cli\lib\markbind\lib\parser.js:136:21)
    at element.children.element.children.map.e (C:\Users\dcsaksh\AppData\Roaming\npm\node_modules\markbind-cli\lib\markbind\lib\parser.js:245:57)
    at Array.map (<anonymous>)
    at Parser._preprocess (C:\Users\dcsaksh\AppData\Roaming\npm\node_modules\markbind-cli\lib\markbind\lib\parser.js:245:43)
    at element.children.element.children.map.e (C:\Users\dcsaksh\AppData\Roaming\npm\node_modules\markbind-cli\lib\markbind\lib\parser.js:245:57)
    at Array.map (<anonymous>)
    at Parser._preprocess (C:\Users\dcsaksh\AppData\Roaming\npm\node_modules\markbind-cli\lib\markbind\lib\parser.js:245:43)
    at element.children.element.children.map.e (C:\Users\dcsaksh\AppData\Roaming\npm\node_modules\markbind-cli\lib\markbind\lib\parser.js:230:57)
    at Array.map (<anonymous>)
    at Parser._preprocess (C:\Users\dcsaksh\AppData\Roaming\npm\node_modules\markbind-cli\lib\markbind\lib\parser.js:230:43)
    at element.children.element.children.map.e (C:\Users\dcsaksh\AppData\Roaming\npm\node_modules\markbind-cli\lib\markbind\lib\parser.js:245:57)
    at Array.map (<anonymous>)
    at Parser._preprocess (C:\Users\dcsaksh\AppData\Roaming\npm\node_modules\markbind-cli\lib\markbind\lib\parser.js:245:43)
    at element.children.element.children.map.e (C:\Users\dcsaksh\AppData\Roaming\npm\node_modules\markbind-cli\lib\markbind\lib\parser.js:245:57)
    at Array.map (<anonymous>)
    at Parser._preprocess (C:\Users\dcsaksh\AppData\Roaming\npm\node_modules\markbind-cli\lib\markbind\lib\parser.js:245:43)
2018-10-18T10:27:54.974Z - error:  Error: No such file: E:\Teaching\aug2018\website\admin\reposenseCompatibility.md
Missing reference in E:\Teaching\aug2018\website\admin\project-w10-mid-v13.md
    at Parser._preprocess (C:\Users\dcsaksh\AppData\Roaming\npm\node_modules\markbind-cli\lib\markbind\lib\parser.js:136:21)
    at element.children.element.children.map.e (C:\Users\dcsaksh\AppData\Roaming\npm\node_modules\markbind-cli\lib\markbind\lib\parser.js:245:57)
    at Array.map (<anonymous>)
    at Parser._preprocess (C:\Users\dcsaksh\AppData\Roaming\npm\node_modules\markbind-cli\lib\markbind\lib\parser.js:245:43)
    at element.children.element.children.map.e (C:\Users\dcsaksh\AppData\Roaming\npm\node_modules\markbind-cli\lib\markbind\lib\parser.js:245:57)
    at Array.map (<anonymous>)
    at Parser._preprocess (C:\Users\dcsaksh\AppData\Roaming\npm\node_modules\markbind-cli\lib\markbind\lib\parser.js:245:43)
    at element.children.element.children.map.e (C:\Users\dcsaksh\AppData\Roaming\npm\node_modules\markbind-cli\lib\markbind\lib\parser.js:230:57)
    at Array.map (<anonymous>)
    at Parser._preprocess (C:\Users\dcsaksh\AppData\Roaming\npm\node_modules\markbind-cli\lib\markbind\lib\parser.js:230:43)
    at element.children.element.children.map.e (C:\Users\dcsaksh\AppData\Roaming\npm\node_modules\markbind-cli\lib\markbind\lib\parser.js:245:57)
    at Array.map (<anonymous>)
    at Parser._preprocess (C:\Users\dcsaksh\AppData\Roaming\npm\node_modules\markbind-cli\lib\markbind\lib\parser.js:245:43)
    at element.children.element.children.map.e (C:\Users\dcsaksh\AppData\Roaming\npm\node_modules\markbind-cli\lib\markbind\lib\parser.js:245:57)
    at Array.map (<anonymous>)
    at Parser._preprocess (C:\Users\dcsaksh\AppData\Roaming\npm\node_modules\markbind-cli\lib\markbind\lib\parser.js:245:43)
2018-10-18T10:27:55.898Z - error:  Error: No such file: E:\Teaching\aug2018\website\admin\reposenseCompatibility.md
Missing reference in E:\Teaching\aug2018\website\admin\project-w10-mid-v13.md
    at Parser._preprocess (C:\Users\dcsaksh\AppData\Roaming\npm\node_modules\markbind-cli\lib\markbind\lib\parser.js:136:21)
    at element.children.element.children.map.e (C:\Users\dcsaksh\AppData\Roaming\npm\node_modules\markbind-cli\lib\markbind\lib\parser.js:245:57)
    at Array.map (<anonymous>)
    at Parser._preprocess (C:\Users\dcsaksh\AppData\Roaming\npm\node_modules\markbind-cli\lib\markbind\lib\parser.js:245:43)
    at element.children.element.children.map.e (C:\Users\dcsaksh\AppData\Roaming\npm\node_modules\markbind-cli\lib\markbind\lib\parser.js:245:57)
    at Array.map (<anonymous>)
    at Parser._preprocess (C:\Users\dcsaksh\AppData\Roaming\npm\node_modules\markbind-cli\lib\markbind\lib\parser.js:245:43)
    at element.children.element.children.map.e (C:\Users\dcsaksh\AppData\Roaming\npm\node_modules\markbind-cli\lib\markbind\lib\parser.js:245:57)
    at Array.map (<anonymous>)
    at Parser._preprocess (C:\Users\dcsaksh\AppData\Roaming\npm\node_modules\markbind-cli\lib\markbind\lib\parser.js:245:43)
    at element.children.element.children.map.e (C:\Users\dcsaksh\AppData\Roaming\npm\node_modules\markbind-cli\lib\markbind\lib\parser.js:245:57)
    at Array.map (<anonymous>)
    at Parser._preprocess (C:\Users\dcsaksh\AppData\Roaming\npm\node_modules\markbind-cli\lib\markbind\lib\parser.js:245:43)
    at element.children.element.children.map.e (C:\Users\dcsaksh\AppData\Roaming\npm\node_modules\markbind-cli\lib\markbind\lib\parser.js:245:57)
    at Array.map (<anonymous>)
    at Parser._preprocess (C:\Users\dcsaksh\AppData\Roaming\npm\node_modules\markbind-cli\lib\markbind\lib\parser.js:245:43)
2018-10-18T10:28:01.683Z - error:  Error: No such file: E:\Teaching\aug2018\website\admin\reposenseCompatibility.md
Missing reference in E:\Teaching\aug2018\website\admin\project-w10-mid-v13.md
    at Parser._preprocess (C:\Users\dcsaksh\AppData\Roaming\npm\node_modules\markbind-cli\lib\markbind\lib\parser.js:136:21)
    at element.children.element.children.map.e (C:\Users\dcsaksh\AppData\Roaming\npm\node_modules\markbind-cli\lib\markbind\lib\parser.js:245:57)
    at Array.map (<anonymous>)
    at Parser._preprocess (C:\Users\dcsaksh\AppData\Roaming\npm\node_modules\markbind-cli\lib\markbind\lib\parser.js:245:43)
    at element.children.element.children.map.e (C:\Users\dcsaksh\AppData\Roaming\npm\node_modules\markbind-cli\lib\markbind\lib\parser.js:245:57)
    at Array.map (<anonymous>)
    at Parser._preprocess (C:\Users\dcsaksh\AppData\Roaming\npm\node_modules\markbind-cli\lib\markbind\lib\parser.js:245:43)
    at element.children.element.children.map.e (C:\Users\dcsaksh\AppData\Roaming\npm\node_modules\markbind-cli\lib\markbind\lib\parser.js:230:57)
    at Array.map (<anonymous>)
    at Parser._preprocess (C:\Users\dcsaksh\AppData\Roaming\npm\node_modules\markbind-cli\lib\markbind\lib\parser.js:230:43)
    at element.children.element.children.map.e (C:\Users\dcsaksh\AppData\Roaming\npm\node_modules\markbind-cli\lib\markbind\lib\parser.js:245:57)
    at Array.map (<anonymous>)
    at Parser._preprocess (C:\Users\dcsaksh\AppData\Roaming\npm\node_modules\markbind-cli\lib\markbind\lib\parser.js:245:43)
    at element.children.element.children.map.e (C:\Users\dcsaksh\AppData\Roaming\npm\node_modules\markbind-cli\lib\markbind\lib\parser.js:245:57)
    at Array.map (<anonymous>)
    at Parser._preprocess (C:\Users\dcsaksh\AppData\Roaming\npm\node_modules\markbind-cli\lib\markbind\lib\parser.js:245:43)
2018-10-18T10:28:04.205Z - error:  Error: No such file: E:\Teaching\aug2018\website\admin\reposenseCompatibility.md
Missing reference in E:\Teaching\aug2018\website\admin\project-w10-mid-v13.md
    at Parser._preprocess (C:\Users\dcsaksh\AppData\Roaming\npm\node_modules\markbind-cli\lib\markbind\lib\parser.js:136:21)
    at element.children.element.children.map.e (C:\Users\dcsaksh\AppData\Roaming\npm\node_modules\markbind-cli\lib\markbind\lib\parser.js:245:57)
    at Array.map (<anonymous>)
    at Parser._preprocess (C:\Users\dcsaksh\AppData\Roaming\npm\node_modules\markbind-cli\lib\markbind\lib\parser.js:245:43)
    at element.children.element.children.map.e (C:\Users\dcsaksh\AppData\Roaming\npm\node_modules\markbind-cli\lib\markbind\lib\parser.js:245:57)
    at Array.map (<anonymous>)
    at Parser._preprocess (C:\Users\dcsaksh\AppData\Roaming\npm\node_modules\markbind-cli\lib\markbind\lib\parser.js:245:43)
    at element.children.element.children.map.e (C:\Users\dcsaksh\AppData\Roaming\npm\node_modules\markbind-cli\lib\markbind\lib\parser.js:245:57)
    at Array.map (<anonymous>)
    at Parser._preprocess (C:\Users\dcsaksh\AppData\Roaming\npm\node_modules\markbind-cli\lib\markbind\lib\parser.js:245:43)
    at element.children.element.children.map.e (C:\Users\dcsaksh\AppData\Roaming\npm\node_modules\markbind-cli\lib\markbind\lib\parser.js:245:57)
    at Array.map (<anonymous>)
    at Parser._preprocess (C:\Users\dcsaksh\AppData\Roaming\npm\node_modules\markbind-cli\lib\markbind\lib\parser.js:245:43)
    at element.children.element.children.map.e (C:\Users\dcsaksh\AppData\Roaming\npm\node_modules\markbind-cli\lib\markbind\lib\parser.js:245:57)
    at Array.map (<anonymous>)
    at Parser._preprocess (C:\Users\dcsaksh\AppData\Roaming\npm\node_modules\markbind-cli\lib\markbind\lib\parser.js:245:43)
2018-10-18T10:28:08.415Z - info: Pages rebuilt
2018-10-18T10:28:08.426Z - info: Site data built
2018-10-18T10:28:14.786Z - info: Reload for file change: E:\Teaching\aug2018\website\admin\project-w10-mid-v13.md
2018-10-18T10:28:15.788Z - verbose: Rebuild affected paths: E:\Teaching\aug2018\website\admin\project-w10-mid-v13.md
2018-10-18T10:28:15.788Z - info: Rebuilding 5 pages
2018-10-18T10:28:18.025Z - error:  Error: No such file: E:\Teaching\aug2018\website\admin\reposenseCompatibility.md
Missing reference in E:\Teaching\aug2018\website\admin\project-w10-mid-v13.md
    at Parser._preprocess (C:\Users\dcsaksh\AppData\Roaming\npm\node_modules\markbind-cli\lib\markbind\lib\parser.js:136:21)
    at element.children.element.children.map.e (C:\Users\dcsaksh\AppData\Roaming\npm\node_modules\markbind-cli\lib\markbind\lib\parser.js:245:57)
    at Array.map (<anonymous>)
    at Parser._preprocess (C:\Users\dcsaksh\AppData\Roaming\npm\node_modules\markbind-cli\lib\markbind\lib\parser.js:245:43)
    at element.children.element.children.map.e (C:\Users\dcsaksh\AppData\Roaming\npm\node_modules\markbind-cli\lib\markbind\lib\parser.js:245:57)
    at Array.map (<anonymous>)
    at Parser._preprocess (C:\Users\dcsaksh\AppData\Roaming\npm\node_modules\markbind-cli\lib\markbind\lib\parser.js:245:43)
    at element.children.element.children.map.e (C:\Users\dcsaksh\AppData\Roaming\npm\node_modules\markbind-cli\lib\markbind\lib\parser.js:230:57)
    at Array.map (<anonymous>)
    at Parser._preprocess (C:\Users\dcsaksh\AppData\Roaming\npm\node_modules\markbind-cli\lib\markbind\lib\parser.js:230:43)
    at element.children.element.children.map.e (C:\Users\dcsaksh\AppData\Roaming\npm\node_modules\markbind-cli\lib\markbind\lib\parser.js:245:57)
    at Array.map (<anonymous>)
    at Parser._preprocess (C:\Users\dcsaksh\AppData\Roaming\npm\node_modules\markbind-cli\lib\markbind\lib\parser.js:245:43)
    at element.children.element.children.map.e (C:\Users\dcsaksh\AppData\Roaming\npm\node_modules\markbind-cli\lib\markbind\lib\parser.js:245:57)
    at Array.map (<anonymous>)
    at Parser._preprocess (C:\Users\dcsaksh\AppData\Roaming\npm\node_modules\markbind-cli\lib\markbind\lib\parser.js:245:43)
2018-10-18T10:28:19.498Z - error:  Error: No such file: E:\Teaching\aug2018\website\admin\reposenseCompatibility.md
Missing reference in E:\Teaching\aug2018\website\admin\project-w10-mid-v13.md
    at Parser._preprocess (C:\Users\dcsaksh\AppData\Roaming\npm\node_modules\markbind-cli\lib\markbind\lib\parser.js:136:21)
    at element.children.element.children.map.e (C:\Users\dcsaksh\AppData\Roaming\npm\node_modules\markbind-cli\lib\markbind\lib\parser.js:245:57)
    at Array.map (<anonymous>)
    at Parser._preprocess (C:\Users\dcsaksh\AppData\Roaming\npm\node_modules\markbind-cli\lib\markbind\lib\parser.js:245:43)
    at element.children.element.children.map.e (C:\Users\dcsaksh\AppData\Roaming\npm\node_modules\markbind-cli\lib\markbind\lib\parser.js:245:57)
    at Array.map (<anonymous>)
    at Parser._preprocess (C:\Users\dcsaksh\AppData\Roaming\npm\node_modules\markbind-cli\lib\markbind\lib\parser.js:245:43)
    at element.children.element.children.map.e (C:\Users\dcsaksh\AppData\Roaming\npm\node_modules\markbind-cli\lib\markbind\lib\parser.js:230:57)
    at Array.map (<anonymous>)
    at Parser._preprocess (C:\Users\dcsaksh\AppData\Roaming\npm\node_modules\markbind-cli\lib\markbind\lib\parser.js:230:43)
    at element.children.element.children.map.e (C:\Users\dcsaksh\AppData\Roaming\npm\node_modules\markbind-cli\lib\markbind\lib\parser.js:245:57)
    at Array.map (<anonymous>)
    at Parser._preprocess (C:\Users\dcsaksh\AppData\Roaming\npm\node_modules\markbind-cli\lib\markbind\lib\parser.js:245:43)
    at element.children.element.children.map.e (C:\Users\dcsaksh\AppData\Roaming\npm\node_modules\markbind-cli\lib\markbind\lib\parser.js:245:57)
    at Array.map (<anonymous>)
    at Parser._preprocess (C:\Users\dcsaksh\AppData\Roaming\npm\node_modules\markbind-cli\lib\markbind\lib\parser.js:245:43)
2018-10-18T10:28:20.620Z - error:  Error: No such file: E:\Teaching\aug2018\website\admin\reposenseCompatibility.md
Missing reference in E:\Teaching\aug2018\website\admin\project-w10-mid-v13.md
    at Parser._preprocess (C:\Users\dcsaksh\AppData\Roaming\npm\node_modules\markbind-cli\lib\markbind\lib\parser.js:136:21)
    at element.children.element.children.map.e (C:\Users\dcsaksh\AppData\Roaming\npm\node_modules\markbind-cli\lib\markbind\lib\parser.js:245:57)
    at Array.map (<anonymous>)
    at Parser._preprocess (C:\Users\dcsaksh\AppData\Roaming\npm\node_modules\markbind-cli\lib\markbind\lib\parser.js:245:43)
    at element.children.element.children.map.e (C:\Users\dcsaksh\AppData\Roaming\npm\node_modules\markbind-cli\lib\markbind\lib\parser.js:245:57)
    at Array.map (<anonymous>)
    at Parser._preprocess (C:\Users\dcsaksh\AppData\Roaming\npm\node_modules\markbind-cli\lib\markbind\lib\parser.js:245:43)
    at element.children.element.children.map.e (C:\Users\dcsaksh\AppData\Roaming\npm\node_modules\markbind-cli\lib\markbind\lib\parser.js:245:57)
    at Array.map (<anonymous>)
    at Parser._preprocess (C:\Users\dcsaksh\AppData\Roaming\npm\node_modules\markbind-cli\lib\markbind\lib\parser.js:245:43)
    at element.children.element.children.map.e (C:\Users\dcsaksh\AppData\Roaming\npm\node_modules\markbind-cli\lib\markbind\lib\parser.js:245:57)
    at Array.map (<anonymous>)
    at Parser._preprocess (C:\Users\dcsaksh\AppData\Roaming\npm\node_modules\markbind-cli\lib\markbind\lib\parser.js:245:43)
    at element.children.element.children.map.e (C:\Users\dcsaksh\AppData\Roaming\npm\node_modules\markbind-cli\lib\markbind\lib\parser.js:245:57)
    at Array.map (<anonymous>)
    at Parser._preprocess (C:\Users\dcsaksh\AppData\Roaming\npm\node_modules\markbind-cli\lib\markbind\lib\parser.js:245:43)
2018-10-18T10:28:22.271Z - error:  Error: No such file: E:\Teaching\aug2018\website\admin\reposenseCompatibility.md
Missing reference in E:\Teaching\aug2018\website\admin\project-w10-mid-v13.md
    at Parser._preprocess (C:\Users\dcsaksh\AppData\Roaming\npm\node_modules\markbind-cli\lib\markbind\lib\parser.js:136:21)
    at element.children.element.children.map.e (C:\Users\dcsaksh\AppData\Roaming\npm\node_modules\markbind-cli\lib\markbind\lib\parser.js:245:57)
    at Array.map (<anonymous>)
    at Parser._preprocess (C:\Users\dcsaksh\AppData\Roaming\npm\node_modules\markbind-cli\lib\markbind\lib\parser.js:245:43)
    at element.children.element.children.map.e (C:\Users\dcsaksh\AppData\Roaming\npm\node_modules\markbind-cli\lib\markbind\lib\parser.js:245:57)
    at Array.map (<anonymous>)
    at Parser._preprocess (C:\Users\dcsaksh\AppData\Roaming\npm\node_modules\markbind-cli\lib\markbind\lib\parser.js:245:43)
    at element.children.element.children.map.e (C:\Users\dcsaksh\AppData\Roaming\npm\node_modules\markbind-cli\lib\markbind\lib\parser.js:245:57)
    at Array.map (<anonymous>)
    at Parser._preprocess (C:\Users\dcsaksh\AppData\Roaming\npm\node_modules\markbind-cli\lib\markbind\lib\parser.js:245:43)
    at element.children.element.children.map.e (C:\Users\dcsaksh\AppData\Roaming\npm\node_modules\markbind-cli\lib\markbind\lib\parser.js:245:57)
    at Array.map (<anonymous>)
    at Parser._preprocess (C:\Users\dcsaksh\AppData\Roaming\npm\node_modules\markbind-cli\lib\markbind\lib\parser.js:245:43)
    at element.children.element.children.map.e (C:\Users\dcsaksh\AppData\Roaming\npm\node_modules\markbind-cli\lib\markbind\lib\parser.js:245:57)
    at Array.map (<anonymous>)
    at Parser._preprocess (C:\Users\dcsaksh\AppData\Roaming\npm\node_modules\markbind-cli\lib\markbind\lib\parser.js:245:43)
2018-10-18T10:28:26.591Z - error:  Error: No such file: E:\Teaching\aug2018\website\admin\reposenseCompatibility.md
Missing reference in E:\Teaching\aug2018\website\admin\project-w10-mid-v13.md
    at Parser._preprocess (C:\Users\dcsaksh\AppData\Roaming\npm\node_modules\markbind-cli\lib\markbind\lib\parser.js:136:21)
    at element.children.element.children.map.e (C:\Users\dcsaksh\AppData\Roaming\npm\node_modules\markbind-cli\lib\markbind\lib\parser.js:245:57)
    at Array.map (<anonymous>)
    at Parser._preprocess (C:\Users\dcsaksh\AppData\Roaming\npm\node_modules\markbind-cli\lib\markbind\lib\parser.js:245:43)
    at element.children.element.children.map.e (C:\Users\dcsaksh\AppData\Roaming\npm\node_modules\markbind-cli\lib\markbind\lib\parser.js:245:57)
    at Array.map (<anonymous>)
    at Parser._preprocess (C:\Users\dcsaksh\AppData\Roaming\npm\node_modules\markbind-cli\lib\markbind\lib\parser.js:245:43)
    at element.children.element.children.map.e (C:\Users\dcsaksh\AppData\Roaming\npm\node_modules\markbind-cli\lib\markbind\lib\parser.js:230:57)
    at Array.map (<anonymous>)
    at Parser._preprocess (C:\Users\dcsaksh\AppData\Roaming\npm\node_modules\markbind-cli\lib\markbind\lib\parser.js:230:43)
    at element.children.element.children.map.e (C:\Users\dcsaksh\AppData\Roaming\npm\node_modules\markbind-cli\lib\markbind\lib\parser.js:245:57)
    at Array.map (<anonymous>)
    at Parser._preprocess (C:\Users\dcsaksh\AppData\Roaming\npm\node_modules\markbind-cli\lib\markbind\lib\parser.js:245:43)
    at element.children.element.children.map.e (C:\Users\dcsaksh\AppData\Roaming\npm\node_modules\markbind-cli\lib\markbind\lib\parser.js:245:57)
    at Array.map (<anonymous>)
    at Parser._preprocess (C:\Users\dcsaksh\AppData\Roaming\npm\node_modules\markbind-cli\lib\markbind\lib\parser.js:245:43)
2018-10-18T10:28:33.313Z - info: Pages rebuilt
2018-10-18T10:28:33.324Z - info: Site data built
2018-10-18T10:28:39.003Z - info: Reload for file add: E:\Teaching\aug2018\website\admin\reposenseCompatibility.md
2018-10-18T10:28:40.003Z - verbose: Rebuild affected paths: E:\Teaching\aug2018\website\admin\reposenseCompatibility.md
2018-10-18T10:28:40.004Z - info: Rebuilding 5 pages
2018-10-18T10:28:40.015Z - error:  TypeError: Cannot read property 'parent' of null
Error while preprocessing 'E:\Teaching\aug2018\website\admin\project-w10-mid-v13.md'
    at Function.exports.update (C:\Users\dcsaksh\AppData\Roaming\npm\node_modules\markbind-cli\node_modules\cheerio\lib\parse.js:55:26)
    at module.exports (C:\Users\dcsaksh\AppData\Roaming\npm\node_modules\markbind-cli\node_modules\cheerio\lib\parse.js:17:11)
    at Function.exports.load (C:\Users\dcsaksh\AppData\Roaming\npm\node_modules\markbind-cli\node_modules\cheerio\lib\static.js:22:14)
    at Parser._preprocess (C:\Users\dcsaksh\AppData\Roaming\npm\node_modules\markbind-cli\lib\markbind\lib\parser.js:200:25)
    at element.children.element.children.map.e (C:\Users\dcsaksh\AppData\Roaming\npm\node_modules\markbind-cli\lib\markbind\lib\parser.js:245:57)
    at Array.map (<anonymous>)
    at Parser._preprocess (C:\Users\dcsaksh\AppData\Roaming\npm\node_modules\markbind-cli\lib\markbind\lib\parser.js:245:43)
    at element.children.element.children.map.e (C:\Users\dcsaksh\AppData\Roaming\npm\node_modules\markbind-cli\lib\markbind\lib\parser.js:245:57)
    at Array.map (<anonymous>)
    at Parser._preprocess (C:\Users\dcsaksh\AppData\Roaming\npm\node_modules\markbind-cli\lib\markbind\lib\parser.js:245:43)
    at element.children.element.children.map.e (C:\Users\dcsaksh\AppData\Roaming\npm\node_modules\markbind-cli\lib\markbind\lib\parser.js:245:57)
    at Array.map (<anonymous>)
    at Parser._preprocess (C:\Users\dcsaksh\AppData\Roaming\npm\node_modules\markbind-cli\lib\markbind\lib\parser.js:245:43)
    at element.children.element.children.map.e (C:\Users\dcsaksh\AppData\Roaming\npm\node_modules\markbind-cli\lib\markbind\lib\parser.js:245:57)
    at Array.map (<anonymous>)
    at Parser._preprocess (C:\Users\dcsaksh\AppData\Roaming\npm\node_modules\markbind-cli\lib\markbind\lib\parser.js:245:43)
2018-10-18T10:28:41.529Z - error:  TypeError: Cannot read property 'parent' of null
Error while preprocessing 'E:\Teaching\aug2018\website\schedule\week10\index-flat.md'
    at Function.exports.update (C:\Users\dcsaksh\AppData\Roaming\npm\node_modules\markbind-cli\node_modules\cheerio\lib\parse.js:55:26)
    at module.exports (C:\Users\dcsaksh\AppData\Roaming\npm\node_modules\markbind-cli\node_modules\cheerio\lib\parse.js:17:11)
    at Function.exports.load (C:\Users\dcsaksh\AppData\Roaming\npm\node_modules\markbind-cli\node_modules\cheerio\lib\static.js:22:14)
    at Parser._preprocess (C:\Users\dcsaksh\AppData\Roaming\npm\node_modules\markbind-cli\lib\markbind\lib\parser.js:200:25)
    at element.children.element.children.map.e (C:\Users\dcsaksh\AppData\Roaming\npm\node_modules\markbind-cli\lib\markbind\lib\parser.js:245:57)
    at Array.map (<anonymous>)
    at Parser._preprocess (C:\Users\dcsaksh\AppData\Roaming\npm\node_modules\markbind-cli\lib\markbind\lib\parser.js:245:43)
    at element.children.element.children.map.e (C:\Users\dcsaksh\AppData\Roaming\npm\node_modules\markbind-cli\lib\markbind\lib\parser.js:245:57)
    at Array.map (<anonymous>)
    at Parser._preprocess (C:\Users\dcsaksh\AppData\Roaming\npm\node_modules\markbind-cli\lib\markbind\lib\parser.js:245:43)
    at element.children.element.children.map.e (C:\Users\dcsaksh\AppData\Roaming\npm\node_modules\markbind-cli\lib\markbind\lib\parser.js:230:57)
    at Array.map (<anonymous>)
    at Parser._preprocess (C:\Users\dcsaksh\AppData\Roaming\npm\node_modules\markbind-cli\lib\markbind\lib\parser.js:230:43)
    at element.children.element.children.map.e (C:\Users\dcsaksh\AppData\Roaming\npm\node_modules\markbind-cli\lib\markbind\lib\parser.js:245:57)
    at Array.map (<anonymous>)
    at Parser._preprocess (C:\Users\dcsaksh\AppData\Roaming\npm\node_modules\markbind-cli\lib\markbind\lib\parser.js:245:43)
2018-10-18T10:28:42.009Z - error:  TypeError: Cannot read property 'parent' of null
Error while preprocessing 'E:\Teaching\aug2018\website\admin\index-flat.md'
    at Function.exports.update (C:\Users\dcsaksh\AppData\Roaming\npm\node_modules\markbind-cli\node_modules\cheerio\lib\parse.js:55:26)
    at module.exports (C:\Users\dcsaksh\AppData\Roaming\npm\node_modules\markbind-cli\node_modules\cheerio\lib\parse.js:17:11)
    at Function.exports.load (C:\Users\dcsaksh\AppData\Roaming\npm\node_modules\markbind-cli\node_modules\cheerio\lib\static.js:22:14)
    at Parser._preprocess (C:\Users\dcsaksh\AppData\Roaming\npm\node_modules\markbind-cli\lib\markbind\lib\parser.js:200:25)
    at element.children.element.children.map.e (C:\Users\dcsaksh\AppData\Roaming\npm\node_modules\markbind-cli\lib\markbind\lib\parser.js:245:57)
    at Array.map (<anonymous>)
    at Parser._preprocess (C:\Users\dcsaksh\AppData\Roaming\npm\node_modules\markbind-cli\lib\markbind\lib\parser.js:245:43)
    at element.children.element.children.map.e (C:\Users\dcsaksh\AppData\Roaming\npm\node_modules\markbind-cli\lib\markbind\lib\parser.js:245:57)
    at Array.map (<anonymous>)
    at Parser._preprocess (C:\Users\dcsaksh\AppData\Roaming\npm\node_modules\markbind-cli\lib\markbind\lib\parser.js:245:43)
    at element.children.element.children.map.e (C:\Users\dcsaksh\AppData\Roaming\npm\node_modules\markbind-cli\lib\markbind\lib\parser.js:230:57)
    at Array.map (<anonymous>)
    at Parser._preprocess (C:\Users\dcsaksh\AppData\Roaming\npm\node_modules\markbind-cli\lib\markbind\lib\parser.js:230:43)
    at element.children.element.children.map.e (C:\Users\dcsaksh\AppData\Roaming\npm\node_modules\markbind-cli\lib\markbind\lib\parser.js:245:57)
    at Array.map (<anonymous>)
    at Parser._preprocess (C:\Users\dcsaksh\AppData\Roaming\npm\node_modules\markbind-cli\lib\markbind\lib\parser.js:245:43)
2018-10-18T10:28:44.219Z - error:  TypeError: Cannot read property 'parent' of null
Error while preprocessing 'E:\Teaching\aug2018\website\admin\project-w10-mid-v13.md'
    at Function.exports.update (C:\Users\dcsaksh\AppData\Roaming\npm\node_modules\markbind-cli\node_modules\cheerio\lib\parse.js:55:26)
    at module.exports (C:\Users\dcsaksh\AppData\Roaming\npm\node_modules\markbind-cli\node_modules\cheerio\lib\parse.js:17:11)
    at Function.exports.load (C:\Users\dcsaksh\AppData\Roaming\npm\node_modules\markbind-cli\node_modules\cheerio\lib\static.js:22:14)
    at Parser._preprocess (C:\Users\dcsaksh\AppData\Roaming\npm\node_modules\markbind-cli\lib\markbind\lib\parser.js:200:25)
    at element.children.element.children.map.e (C:\Users\dcsaksh\AppData\Roaming\npm\node_modules\markbind-cli\lib\markbind\lib\parser.js:245:57)
    at Array.map (<anonymous>)
    at Parser._preprocess (C:\Users\dcsaksh\AppData\Roaming\npm\node_modules\markbind-cli\lib\markbind\lib\parser.js:245:43)
    at element.children.element.children.map.e (C:\Users\dcsaksh\AppData\Roaming\npm\node_modules\markbind-cli\lib\markbind\lib\parser.js:245:57)
    at Array.map (<anonymous>)
    at Parser._preprocess (C:\Users\dcsaksh\AppData\Roaming\npm\node_modules\markbind-cli\lib\markbind\lib\parser.js:245:43)
    at element.children.element.children.map.e (C:\Users\dcsaksh\AppData\Roaming\npm\node_modules\markbind-cli\lib\markbind\lib\parser.js:245:57)
    at Array.map (<anonymous>)
    at Parser._preprocess (C:\Users\dcsaksh\AppData\Roaming\npm\node_modules\markbind-cli\lib\markbind\lib\parser.js:245:43)
    at element.children.element.children.map.e (C:\Users\dcsaksh\AppData\Roaming\npm\node_modules\markbind-cli\lib\markbind\lib\parser.js:245:57)
    at Array.map (<anonymous>)
    at Parser._preprocess (C:\Users\dcsaksh\AppData\Roaming\npm\node_modules\markbind-cli\lib\markbind\lib\parser.js:245:43)
2018-10-18T10:28:51.418Z - info: Reload for file change: E:\Teaching\aug2018\website\admin\reposenseCompatibility.md
2018-10-18T10:28:55.285Z - info: Pages rebuilt
2018-10-18T10:28:55.293Z - info: Site data built
2018-10-18T10:28:55.343Z - verbose: Rebuild affected paths: E:\Teaching\aug2018\website\admin\reposenseCompatibility.md
2018-10-18T10:28:55.344Z - info: Rebuilding 5 pages
2018-10-18T10:29:13.520Z - info: Pages rebuilt
2018-10-18T10:29:13.534Z - info: Site data built
2018-10-18T10:29:43.387Z - info: Reload for file change: E:\Teaching\aug2018\website\admin\tools.md
2018-10-18T10:29:44.388Z - verbose: Rebuild affected paths: E:\Teaching\aug2018\website\admin\tools.md
2018-10-18T10:29:44.391Z - info: Rebuilding 5 pages
2018-10-18T10:30:02.253Z - info: Pages rebuilt
2018-10-18T10:30:02.260Z - info: Site data built
2018-10-18T10:33:23.768Z - info: Reload for file change: E:\Teaching\aug2018\website\admin\project-w10-mid-v13.md
2018-10-18T10:33:24.768Z - verbose: Rebuild affected paths: E:\Teaching\aug2018\website\admin\project-w10-mid-v13.md
2018-10-18T10:33:24.769Z - info: Rebuilding 5 pages
2018-10-18T10:33:42.819Z - info: Pages rebuilt
2018-10-18T10:33:42.830Z - info: Site data built
2018-10-18T10:39:47.790Z - info: Pages built
2018-10-18T10:39:47.893Z - info: Site data built
2018-10-18T10:39:47.900Z - info: Generate Site durationMs=75481
2018-10-18T10:39:48.141Z - info: Serving "E:\Teaching\aug2018\website\_site" at http://127.0.0.1:8080
2018-10-18T10:39:48.141Z - info: Press CTRL+C to stop ...
2018-10-18T10:55:47.494Z - info: Reload for file change: E:\Teaching\aug2018\website\admin\reposenseCompatibility.md
2018-10-18T10:55:48.496Z - verbose: Rebuild affected paths: E:\Teaching\aug2018\website\admin\reposenseCompatibility.md
2018-10-18T10:55:48.497Z - info: Rebuilding 6 pages
2018-10-18T10:56:07.920Z - info: Pages rebuilt
2018-10-18T10:56:07.942Z - info: Site data built
2018-10-18T10:58:03.619Z - info: Reload for file change: E:\Teaching\aug2018\website\admin\reposenseCompatibility.md
2018-10-18T10:58:04.620Z - verbose: Rebuild affected paths: E:\Teaching\aug2018\website\admin\reposenseCompatibility.md
2018-10-18T10:58:04.621Z - info: Rebuilding 6 pages
2018-10-18T10:58:23.096Z - info: Pages rebuilt
2018-10-18T10:58:23.104Z - info: Site data built
2018-10-18T11:01:51.544Z - info: Reload for file change: E:\Teaching\aug2018\website\README.md
2018-10-18T11:01:52.544Z - verbose: Rebuild affected paths: E:\Teaching\aug2018\website\README.md
2018-10-18T11:01:52.546Z - info: Rebuilding 0 pages
2018-10-18T11:01:52.547Z - info: Pages rebuilt
2018-10-18T11:01:52.568Z - info: Site data built
2018-10-18T11:09:04.135Z - info: Reload for file add: E:\Teaching\aug2018\website\admin\reposenseConfigTemplates.md
2018-10-18T11:09:05.137Z - verbose: Rebuild affected paths: E:\Teaching\aug2018\website\admin\reposenseConfigTemplates.md
2018-10-18T11:09:05.139Z - info: Rebuilding 0 pages
2018-10-18T11:09:05.140Z - info: Pages rebuilt
2018-10-18T11:09:05.159Z - info: Site data built
2018-10-18T11:09:59.439Z - info: Reload for file change: E:\Teaching\aug2018\website\admin\reposenseConfigTemplates.md
2018-10-18T11:10:00.440Z - verbose: Rebuild affected paths: E:\Teaching\aug2018\website\admin\reposenseConfigTemplates.md
2018-10-18T11:10:00.440Z - info: Rebuilding 0 pages
2018-10-18T11:10:00.441Z - info: Pages rebuilt
2018-10-18T11:10:00.447Z - info: Site data built
2018-10-18T11:12:25.045Z - info: Pages built
2018-10-18T11:12:25.143Z - info: Site data built
2018-10-18T11:12:25.149Z - info: Generate Site durationMs=80017
2018-10-18T11:12:25.389Z - info: Serving "E:\Teaching\aug2018\website\_site" at http://127.0.0.1:8080
2018-10-18T11:12:25.390Z - info: Press CTRL+C to stop ...
