2018-09-28T03:29:32.800Z - error:  Error: No such file: E:\Teaching\aug2018\website\book\oop\classes\enumerations\q-essay-defineWeekDays.md
Missing reference in E:\Teaching\aug2018\website\schedule\evidence\oop.md
    at Parser._preprocess (C:\Users\dcsaksh\AppData\Roaming\npm\node_modules\markbind-cli\lib\markbind\lib\parser.js:136:21)
    at element.children.element.children.map.e (C:\Users\dcsaksh\AppData\Roaming\npm\node_modules\markbind-cli\lib\markbind\lib\parser.js:230:57)
    at Array.map (<anonymous>)
    at Parser._preprocess (C:\Users\dcsaksh\AppData\Roaming\npm\node_modules\markbind-cli\lib\markbind\lib\parser.js:230:43)
    at element.children.element.children.map.e (C:\Users\dcsaksh\AppData\Roaming\npm\node_modules\markbind-cli\lib\markbind\lib\parser.js:245:57)
    at Array.map (<anonymous>)
    at Parser._preprocess (C:\Users\dcsaksh\AppData\Roaming\npm\node_modules\markbind-cli\lib\markbind\lib\parser.js:245:43)
    at element.children.element.children.map.e (C:\Users\dcsaksh\AppData\Roaming\npm\node_modules\markbind-cli\lib\markbind\lib\parser.js:245:57)
    at Array.map (<anonymous>)
    at Parser._preprocess (C:\Users\dcsaksh\AppData\Roaming\npm\node_modules\markbind-cli\lib\markbind\lib\parser.js:245:43)
    at element.children.element.children.map.e (C:\Users\dcsaksh\AppData\Roaming\npm\node_modules\markbind-cli\lib\markbind\lib\parser.js:245:57)
    at Array.map (<anonymous>)
    at Parser._preprocess (C:\Users\dcsaksh\AppData\Roaming\npm\node_modules\markbind-cli\lib\markbind\lib\parser.js:245:43)
    at element.children.element.children.map.e (C:\Users\dcsaksh\AppData\Roaming\npm\node_modules\markbind-cli\lib\markbind\lib\parser.js:245:57)
    at Array.map (<anonymous>)
    at Parser._preprocess (C:\Users\dcsaksh\AppData\Roaming\npm\node_modules\markbind-cli\lib\markbind\lib\parser.js:245:43)
2018-09-28T03:29:33.001Z - error:  Error: No such file: E:\Teaching\aug2018\website\book\oop\classes\enumerations\q-essay-defineWeekDays.md
Missing reference in E:\Teaching\aug2018\website\schedule\evidence\oop.md
    at Parser._preprocess (C:\Users\dcsaksh\AppData\Roaming\npm\node_modules\markbind-cli\lib\markbind\lib\parser.js:136:21)
    at element.children.element.children.map.e (C:\Users\dcsaksh\AppData\Roaming\npm\node_modules\markbind-cli\lib\markbind\lib\parser.js:230:57)
    at Array.map (<anonymous>)
    at Parser._preprocess (C:\Users\dcsaksh\AppData\Roaming\npm\node_modules\markbind-cli\lib\markbind\lib\parser.js:230:43)
    at element.children.element.children.map.e (C:\Users\dcsaksh\AppData\Roaming\npm\node_modules\markbind-cli\lib\markbind\lib\parser.js:245:57)
    at Array.map (<anonymous>)
    at Parser._preprocess (C:\Users\dcsaksh\AppData\Roaming\npm\node_modules\markbind-cli\lib\markbind\lib\parser.js:245:43)
    at element.children.element.children.map.e (C:\Users\dcsaksh\AppData\Roaming\npm\node_modules\markbind-cli\lib\markbind\lib\parser.js:245:57)
    at Array.map (<anonymous>)
    at Parser._preprocess (C:\Users\dcsaksh\AppData\Roaming\npm\node_modules\markbind-cli\lib\markbind\lib\parser.js:245:43)
    at element.children.element.children.map.e (C:\Users\dcsaksh\AppData\Roaming\npm\node_modules\markbind-cli\lib\markbind\lib\parser.js:245:57)
    at Array.map (<anonymous>)
    at Parser._preprocess (C:\Users\dcsaksh\AppData\Roaming\npm\node_modules\markbind-cli\lib\markbind\lib\parser.js:245:43)
    at element.children.element.children.map.e (C:\Users\dcsaksh\AppData\Roaming\npm\node_modules\markbind-cli\lib\markbind\lib\parser.js:245:57)
    at Array.map (<anonymous>)
    at Parser._preprocess (C:\Users\dcsaksh\AppData\Roaming\npm\node_modules\markbind-cli\lib\markbind\lib\parser.js:245:43)
2018-09-28T03:29:34.695Z - error:  Error: No such file: E:\Teaching\aug2018\website\book\modeling\modelingBehaviors\sequenceDiagramsBasic\personListExercise.md
Missing reference in E:\Teaching\aug2018\website\schedule\week7\tutorial.md
    at Parser._preprocess (C:\Users\dcsaksh\AppData\Roaming\npm\node_modules\markbind-cli\lib\markbind\lib\parser.js:136:21)
    at element.children.element.children.map.e (C:\Users\dcsaksh\AppData\Roaming\npm\node_modules\markbind-cli\lib\markbind\lib\parser.js:245:57)
    at Array.map (<anonymous>)
    at Parser._preprocess (C:\Users\dcsaksh\AppData\Roaming\npm\node_modules\markbind-cli\lib\markbind\lib\parser.js:245:43)
    at element.children.element.children.map.e (C:\Users\dcsaksh\AppData\Roaming\npm\node_modules\markbind-cli\lib\markbind\lib\parser.js:245:57)
    at Array.map (<anonymous>)
    at Parser._preprocess (C:\Users\dcsaksh\AppData\Roaming\npm\node_modules\markbind-cli\lib\markbind\lib\parser.js:245:43)
    at element.children.element.children.map.e (C:\Users\dcsaksh\AppData\Roaming\npm\node_modules\markbind-cli\lib\markbind\lib\parser.js:245:57)
    at Array.map (<anonymous>)
    at Parser._preprocess (C:\Users\dcsaksh\AppData\Roaming\npm\node_modules\markbind-cli\lib\markbind\lib\parser.js:245:43)
    at element.children.element.children.map.e (C:\Users\dcsaksh\AppData\Roaming\npm\node_modules\markbind-cli\lib\markbind\lib\parser.js:245:57)
    at Array.map (<anonymous>)
    at Parser._preprocess (C:\Users\dcsaksh\AppData\Roaming\npm\node_modules\markbind-cli\lib\markbind\lib\parser.js:245:43)
    at element.children.element.children.map.e (C:\Users\dcsaksh\AppData\Roaming\npm\node_modules\markbind-cli\lib\markbind\lib\parser.js:230:57)
    at Array.map (<anonymous>)
    at Parser._preprocess (C:\Users\dcsaksh\AppData\Roaming\npm\node_modules\markbind-cli\lib\markbind\lib\parser.js:230:43)
2018-09-28T03:29:37.011Z - error:  Error: No such file: E:\Teaching\aug2018\website\book\oop\classes\enumerations\q-essay-defineWeekDays.md
Missing reference in E:\Teaching\aug2018\website\schedule\evidence\oop.md
    at Parser._preprocess (C:\Users\dcsaksh\AppData\Roaming\npm\node_modules\markbind-cli\lib\markbind\lib\parser.js:136:21)
    at element.children.element.children.map.e (C:\Users\dcsaksh\AppData\Roaming\npm\node_modules\markbind-cli\lib\markbind\lib\parser.js:230:57)
    at Array.map (<anonymous>)
    at Parser._preprocess (C:\Users\dcsaksh\AppData\Roaming\npm\node_modules\markbind-cli\lib\markbind\lib\parser.js:230:43)
    at element.children.element.children.map.e (C:\Users\dcsaksh\AppData\Roaming\npm\node_modules\markbind-cli\lib\markbind\lib\parser.js:245:57)
    at Array.map (<anonymous>)
    at Parser._preprocess (C:\Users\dcsaksh\AppData\Roaming\npm\node_modules\markbind-cli\lib\markbind\lib\parser.js:245:43)
    at element.children.element.children.map.e (C:\Users\dcsaksh\AppData\Roaming\npm\node_modules\markbind-cli\lib\markbind\lib\parser.js:245:57)
    at Array.map (<anonymous>)
    at Parser._preprocess (C:\Users\dcsaksh\AppData\Roaming\npm\node_modules\markbind-cli\lib\markbind\lib\parser.js:245:43)
    at element.children.element.children.map.e (C:\Users\dcsaksh\AppData\Roaming\npm\node_modules\markbind-cli\lib\markbind\lib\parser.js:245:57)
    at Array.map (<anonymous>)
    at Parser._preprocess (C:\Users\dcsaksh\AppData\Roaming\npm\node_modules\markbind-cli\lib\markbind\lib\parser.js:245:43)
    at element.children.element.children.map.e (C:\Users\dcsaksh\AppData\Roaming\npm\node_modules\markbind-cli\lib\markbind\lib\parser.js:245:57)
    at Array.map (<anonymous>)
    at Parser._preprocess (C:\Users\dcsaksh\AppData\Roaming\npm\node_modules\markbind-cli\lib\markbind\lib\parser.js:245:43)
2018-09-28T03:30:08.716Z - error:  Error: No such file: E:\Teaching\aug2018\website\book\oop\classes\enumerations\q-essay-defineWeekDays.md
Missing reference in E:\Teaching\aug2018\website\schedule\evidence\oop.md
    at Parser._preprocess (C:\Users\dcsaksh\AppData\Roaming\npm\node_modules\markbind-cli\lib\markbind\lib\parser.js:136:21)
    at element.children.element.children.map.e (C:\Users\dcsaksh\AppData\Roaming\npm\node_modules\markbind-cli\lib\markbind\lib\parser.js:230:57)
    at Array.map (<anonymous>)
    at Parser._preprocess (C:\Users\dcsaksh\AppData\Roaming\npm\node_modules\markbind-cli\lib\markbind\lib\parser.js:230:43)
    at element.children.element.children.map.e (C:\Users\dcsaksh\AppData\Roaming\npm\node_modules\markbind-cli\lib\markbind\lib\parser.js:245:57)
    at Array.map (<anonymous>)
    at Parser._preprocess (C:\Users\dcsaksh\AppData\Roaming\npm\node_modules\markbind-cli\lib\markbind\lib\parser.js:245:43)
    at element.children.element.children.map.e (C:\Users\dcsaksh\AppData\Roaming\npm\node_modules\markbind-cli\lib\markbind\lib\parser.js:245:57)
    at Array.map (<anonymous>)
    at Parser._preprocess (C:\Users\dcsaksh\AppData\Roaming\npm\node_modules\markbind-cli\lib\markbind\lib\parser.js:245:43)
    at element.children.element.children.map.e (C:\Users\dcsaksh\AppData\Roaming\npm\node_modules\markbind-cli\lib\markbind\lib\parser.js:245:57)
    at Array.map (<anonymous>)
    at Parser._preprocess (C:\Users\dcsaksh\AppData\Roaming\npm\node_modules\markbind-cli\lib\markbind\lib\parser.js:245:43)
    at element.children.element.children.map.e (C:\Users\dcsaksh\AppData\Roaming\npm\node_modules\markbind-cli\lib\markbind\lib\parser.js:245:57)
    at Array.map (<anonymous>)
    at Parser._preprocess (C:\Users\dcsaksh\AppData\Roaming\npm\node_modules\markbind-cli\lib\markbind\lib\parser.js:245:43)
2018-09-28T03:30:08.930Z - error:  Error: No such file: E:\Teaching\aug2018\website\book\oop\classes\enumerations\q-essay-defineWeekDays.md
Missing reference in E:\Teaching\aug2018\website\schedule\evidence\oop.md
    at Parser._preprocess (C:\Users\dcsaksh\AppData\Roaming\npm\node_modules\markbind-cli\lib\markbind\lib\parser.js:136:21)
    at element.children.element.children.map.e (C:\Users\dcsaksh\AppData\Roaming\npm\node_modules\markbind-cli\lib\markbind\lib\parser.js:230:57)
    at Array.map (<anonymous>)
    at Parser._preprocess (C:\Users\dcsaksh\AppData\Roaming\npm\node_modules\markbind-cli\lib\markbind\lib\parser.js:230:43)
    at element.children.element.children.map.e (C:\Users\dcsaksh\AppData\Roaming\npm\node_modules\markbind-cli\lib\markbind\lib\parser.js:245:57)
    at Array.map (<anonymous>)
    at Parser._preprocess (C:\Users\dcsaksh\AppData\Roaming\npm\node_modules\markbind-cli\lib\markbind\lib\parser.js:245:43)
    at element.children.element.children.map.e (C:\Users\dcsaksh\AppData\Roaming\npm\node_modules\markbind-cli\lib\markbind\lib\parser.js:245:57)
    at Array.map (<anonymous>)
    at Parser._preprocess (C:\Users\dcsaksh\AppData\Roaming\npm\node_modules\markbind-cli\lib\markbind\lib\parser.js:245:43)
    at element.children.element.children.map.e (C:\Users\dcsaksh\AppData\Roaming\npm\node_modules\markbind-cli\lib\markbind\lib\parser.js:245:57)
    at Array.map (<anonymous>)
    at Parser._preprocess (C:\Users\dcsaksh\AppData\Roaming\npm\node_modules\markbind-cli\lib\markbind\lib\parser.js:245:43)
    at element.children.element.children.map.e (C:\Users\dcsaksh\AppData\Roaming\npm\node_modules\markbind-cli\lib\markbind\lib\parser.js:245:57)
    at Array.map (<anonymous>)
    at Parser._preprocess (C:\Users\dcsaksh\AppData\Roaming\npm\node_modules\markbind-cli\lib\markbind\lib\parser.js:245:43)
2018-09-28T03:30:09.321Z - error:  Error: No such file: E:\Teaching\aug2018\website\book\modeling\modelingBehaviors\sequenceDiagramsBasic\personListExercise.md
Missing reference in E:\Teaching\aug2018\website\schedule\week7\tutorial.md
    at Parser._preprocess (C:\Users\dcsaksh\AppData\Roaming\npm\node_modules\markbind-cli\lib\markbind\lib\parser.js:136:21)
    at element.children.element.children.map.e (C:\Users\dcsaksh\AppData\Roaming\npm\node_modules\markbind-cli\lib\markbind\lib\parser.js:245:57)
    at Array.map (<anonymous>)
    at Parser._preprocess (C:\Users\dcsaksh\AppData\Roaming\npm\node_modules\markbind-cli\lib\markbind\lib\parser.js:245:43)
    at element.children.element.children.map.e (C:\Users\dcsaksh\AppData\Roaming\npm\node_modules\markbind-cli\lib\markbind\lib\parser.js:245:57)
    at Array.map (<anonymous>)
    at Parser._preprocess (C:\Users\dcsaksh\AppData\Roaming\npm\node_modules\markbind-cli\lib\markbind\lib\parser.js:245:43)
    at element.children.element.children.map.e (C:\Users\dcsaksh\AppData\Roaming\npm\node_modules\markbind-cli\lib\markbind\lib\parser.js:245:57)
    at Array.map (<anonymous>)
    at Parser._preprocess (C:\Users\dcsaksh\AppData\Roaming\npm\node_modules\markbind-cli\lib\markbind\lib\parser.js:245:43)
    at element.children.element.children.map.e (C:\Users\dcsaksh\AppData\Roaming\npm\node_modules\markbind-cli\lib\markbind\lib\parser.js:245:57)
    at Array.map (<anonymous>)
    at Parser._preprocess (C:\Users\dcsaksh\AppData\Roaming\npm\node_modules\markbind-cli\lib\markbind\lib\parser.js:245:43)
    at element.children.element.children.map.e (C:\Users\dcsaksh\AppData\Roaming\npm\node_modules\markbind-cli\lib\markbind\lib\parser.js:230:57)
    at Array.map (<anonymous>)
    at Parser._preprocess (C:\Users\dcsaksh\AppData\Roaming\npm\node_modules\markbind-cli\lib\markbind\lib\parser.js:230:43)
2018-09-28T03:30:23.948Z - info: Pages built
2018-09-28T03:30:24.059Z - info: Site data built
2018-09-28T03:30:24.060Z - info: Build success!
2018-09-28T03:30:24.060Z - info: Generate Site durationMs=70303
2018-09-28T07:47:49.834Z - error:  Error: No such file: E:\Teaching\aug2018\website\book\oop\classes\enumerations\q-essay-defineWeekDays.md
Missing reference in E:\Teaching\aug2018\website\schedule\evidence\oop.md
    at Parser._preprocess (C:\Users\dcsaksh\AppData\Roaming\npm\node_modules\markbind-cli\lib\markbind\lib\parser.js:136:21)
    at element.children.element.children.map.e (C:\Users\dcsaksh\AppData\Roaming\npm\node_modules\markbind-cli\lib\markbind\lib\parser.js:230:57)
    at Array.map (<anonymous>)
    at Parser._preprocess (C:\Users\dcsaksh\AppData\Roaming\npm\node_modules\markbind-cli\lib\markbind\lib\parser.js:230:43)
    at element.children.element.children.map.e (C:\Users\dcsaksh\AppData\Roaming\npm\node_modules\markbind-cli\lib\markbind\lib\parser.js:245:57)
    at Array.map (<anonymous>)
    at Parser._preprocess (C:\Users\dcsaksh\AppData\Roaming\npm\node_modules\markbind-cli\lib\markbind\lib\parser.js:245:43)
    at element.children.element.children.map.e (C:\Users\dcsaksh\AppData\Roaming\npm\node_modules\markbind-cli\lib\markbind\lib\parser.js:245:57)
    at Array.map (<anonymous>)
    at Parser._preprocess (C:\Users\dcsaksh\AppData\Roaming\npm\node_modules\markbind-cli\lib\markbind\lib\parser.js:245:43)
    at element.children.element.children.map.e (C:\Users\dcsaksh\AppData\Roaming\npm\node_modules\markbind-cli\lib\markbind\lib\parser.js:245:57)
    at Array.map (<anonymous>)
    at Parser._preprocess (C:\Users\dcsaksh\AppData\Roaming\npm\node_modules\markbind-cli\lib\markbind\lib\parser.js:245:43)
    at element.children.element.children.map.e (C:\Users\dcsaksh\AppData\Roaming\npm\node_modules\markbind-cli\lib\markbind\lib\parser.js:245:57)
    at Array.map (<anonymous>)
    at Parser._preprocess (C:\Users\dcsaksh\AppData\Roaming\npm\node_modules\markbind-cli\lib\markbind\lib\parser.js:245:43)
2018-09-28T07:47:50.041Z - error:  Error: No such file: E:\Teaching\aug2018\website\book\oop\classes\enumerations\q-essay-defineWeekDays.md
Missing reference in E:\Teaching\aug2018\website\schedule\evidence\oop.md
    at Parser._preprocess (C:\Users\dcsaksh\AppData\Roaming\npm\node_modules\markbind-cli\lib\markbind\lib\parser.js:136:21)
    at element.children.element.children.map.e (C:\Users\dcsaksh\AppData\Roaming\npm\node_modules\markbind-cli\lib\markbind\lib\parser.js:230:57)
    at Array.map (<anonymous>)
    at Parser._preprocess (C:\Users\dcsaksh\AppData\Roaming\npm\node_modules\markbind-cli\lib\markbind\lib\parser.js:230:43)
    at element.children.element.children.map.e (C:\Users\dcsaksh\AppData\Roaming\npm\node_modules\markbind-cli\lib\markbind\lib\parser.js:245:57)
    at Array.map (<anonymous>)
    at Parser._preprocess (C:\Users\dcsaksh\AppData\Roaming\npm\node_modules\markbind-cli\lib\markbind\lib\parser.js:245:43)
    at element.children.element.children.map.e (C:\Users\dcsaksh\AppData\Roaming\npm\node_modules\markbind-cli\lib\markbind\lib\parser.js:245:57)
    at Array.map (<anonymous>)
    at Parser._preprocess (C:\Users\dcsaksh\AppData\Roaming\npm\node_modules\markbind-cli\lib\markbind\lib\parser.js:245:43)
    at element.children.element.children.map.e (C:\Users\dcsaksh\AppData\Roaming\npm\node_modules\markbind-cli\lib\markbind\lib\parser.js:245:57)
    at Array.map (<anonymous>)
    at Parser._preprocess (C:\Users\dcsaksh\AppData\Roaming\npm\node_modules\markbind-cli\lib\markbind\lib\parser.js:245:43)
    at element.children.element.children.map.e (C:\Users\dcsaksh\AppData\Roaming\npm\node_modules\markbind-cli\lib\markbind\lib\parser.js:245:57)
    at Array.map (<anonymous>)
    at Parser._preprocess (C:\Users\dcsaksh\AppData\Roaming\npm\node_modules\markbind-cli\lib\markbind\lib\parser.js:245:43)
2018-09-28T07:47:52.198Z - error:  Error: No such file: E:\Teaching\aug2018\website\book\modeling\modelingBehaviors\sequenceDiagramsBasic\personListExercise.md
Missing reference in E:\Teaching\aug2018\website\schedule\week7\tutorial.md
    at Parser._preprocess (C:\Users\dcsaksh\AppData\Roaming\npm\node_modules\markbind-cli\lib\markbind\lib\parser.js:136:21)
    at element.children.element.children.map.e (C:\Users\dcsaksh\AppData\Roaming\npm\node_modules\markbind-cli\lib\markbind\lib\parser.js:245:57)
    at Array.map (<anonymous>)
    at Parser._preprocess (C:\Users\dcsaksh\AppData\Roaming\npm\node_modules\markbind-cli\lib\markbind\lib\parser.js:245:43)
    at element.children.element.children.map.e (C:\Users\dcsaksh\AppData\Roaming\npm\node_modules\markbind-cli\lib\markbind\lib\parser.js:245:57)
    at Array.map (<anonymous>)
    at Parser._preprocess (C:\Users\dcsaksh\AppData\Roaming\npm\node_modules\markbind-cli\lib\markbind\lib\parser.js:245:43)
    at element.children.element.children.map.e (C:\Users\dcsaksh\AppData\Roaming\npm\node_modules\markbind-cli\lib\markbind\lib\parser.js:245:57)
    at Array.map (<anonymous>)
    at Parser._preprocess (C:\Users\dcsaksh\AppData\Roaming\npm\node_modules\markbind-cli\lib\markbind\lib\parser.js:245:43)
    at element.children.element.children.map.e (C:\Users\dcsaksh\AppData\Roaming\npm\node_modules\markbind-cli\lib\markbind\lib\parser.js:245:57)
    at Array.map (<anonymous>)
    at Parser._preprocess (C:\Users\dcsaksh\AppData\Roaming\npm\node_modules\markbind-cli\lib\markbind\lib\parser.js:245:43)
    at element.children.element.children.map.e (C:\Users\dcsaksh\AppData\Roaming\npm\node_modules\markbind-cli\lib\markbind\lib\parser.js:230:57)
    at Array.map (<anonymous>)
    at Parser._preprocess (C:\Users\dcsaksh\AppData\Roaming\npm\node_modules\markbind-cli\lib\markbind\lib\parser.js:230:43)
2018-09-28T07:47:54.796Z - error:  Error: No such file: E:\Teaching\aug2018\website\book\oop\classes\enumerations\q-essay-defineWeekDays.md
Missing reference in E:\Teaching\aug2018\website\schedule\evidence\oop.md
    at Parser._preprocess (C:\Users\dcsaksh\AppData\Roaming\npm\node_modules\markbind-cli\lib\markbind\lib\parser.js:136:21)
    at element.children.element.children.map.e (C:\Users\dcsaksh\AppData\Roaming\npm\node_modules\markbind-cli\lib\markbind\lib\parser.js:230:57)
    at Array.map (<anonymous>)
    at Parser._preprocess (C:\Users\dcsaksh\AppData\Roaming\npm\node_modules\markbind-cli\lib\markbind\lib\parser.js:230:43)
    at element.children.element.children.map.e (C:\Users\dcsaksh\AppData\Roaming\npm\node_modules\markbind-cli\lib\markbind\lib\parser.js:245:57)
    at Array.map (<anonymous>)
    at Parser._preprocess (C:\Users\dcsaksh\AppData\Roaming\npm\node_modules\markbind-cli\lib\markbind\lib\parser.js:245:43)
    at element.children.element.children.map.e (C:\Users\dcsaksh\AppData\Roaming\npm\node_modules\markbind-cli\lib\markbind\lib\parser.js:245:57)
    at Array.map (<anonymous>)
    at Parser._preprocess (C:\Users\dcsaksh\AppData\Roaming\npm\node_modules\markbind-cli\lib\markbind\lib\parser.js:245:43)
    at element.children.element.children.map.e (C:\Users\dcsaksh\AppData\Roaming\npm\node_modules\markbind-cli\lib\markbind\lib\parser.js:245:57)
    at Array.map (<anonymous>)
    at Parser._preprocess (C:\Users\dcsaksh\AppData\Roaming\npm\node_modules\markbind-cli\lib\markbind\lib\parser.js:245:43)
    at element.children.element.children.map.e (C:\Users\dcsaksh\AppData\Roaming\npm\node_modules\markbind-cli\lib\markbind\lib\parser.js:245:57)
    at Array.map (<anonymous>)
    at Parser._preprocess (C:\Users\dcsaksh\AppData\Roaming\npm\node_modules\markbind-cli\lib\markbind\lib\parser.js:245:43)
2018-09-28T08:25:10.637Z - error:  Error: No such file: E:\Teaching\aug2018\website\book\oop\classes\enumerations\q-essay-defineWeekDays.md
Missing reference in E:\Teaching\aug2018\website\schedule\evidence\oop.md
    at Parser._preprocess (C:\Users\dcsaksh\AppData\Roaming\npm\node_modules\markbind-cli\lib\markbind\lib\parser.js:136:21)
    at element.children.element.children.map.e (C:\Users\dcsaksh\AppData\Roaming\npm\node_modules\markbind-cli\lib\markbind\lib\parser.js:230:57)
    at Array.map (<anonymous>)
    at Parser._preprocess (C:\Users\dcsaksh\AppData\Roaming\npm\node_modules\markbind-cli\lib\markbind\lib\parser.js:230:43)
    at element.children.element.children.map.e (C:\Users\dcsaksh\AppData\Roaming\npm\node_modules\markbind-cli\lib\markbind\lib\parser.js:245:57)
    at Array.map (<anonymous>)
    at Parser._preprocess (C:\Users\dcsaksh\AppData\Roaming\npm\node_modules\markbind-cli\lib\markbind\lib\parser.js:245:43)
    at element.children.element.children.map.e (C:\Users\dcsaksh\AppData\Roaming\npm\node_modules\markbind-cli\lib\markbind\lib\parser.js:245:57)
    at Array.map (<anonymous>)
    at Parser._preprocess (C:\Users\dcsaksh\AppData\Roaming\npm\node_modules\markbind-cli\lib\markbind\lib\parser.js:245:43)
    at element.children.element.children.map.e (C:\Users\dcsaksh\AppData\Roaming\npm\node_modules\markbind-cli\lib\markbind\lib\parser.js:245:57)
    at Array.map (<anonymous>)
    at Parser._preprocess (C:\Users\dcsaksh\AppData\Roaming\npm\node_modules\markbind-cli\lib\markbind\lib\parser.js:245:43)
    at element.children.element.children.map.e (C:\Users\dcsaksh\AppData\Roaming\npm\node_modules\markbind-cli\lib\markbind\lib\parser.js:245:57)
    at Array.map (<anonymous>)
    at Parser._preprocess (C:\Users\dcsaksh\AppData\Roaming\npm\node_modules\markbind-cli\lib\markbind\lib\parser.js:245:43)
2018-09-28T08:25:10.845Z - error:  Error: No such file: E:\Teaching\aug2018\website\book\oop\classes\enumerations\q-essay-defineWeekDays.md
Missing reference in E:\Teaching\aug2018\website\schedule\evidence\oop.md
    at Parser._preprocess (C:\Users\dcsaksh\AppData\Roaming\npm\node_modules\markbind-cli\lib\markbind\lib\parser.js:136:21)
    at element.children.element.children.map.e (C:\Users\dcsaksh\AppData\Roaming\npm\node_modules\markbind-cli\lib\markbind\lib\parser.js:230:57)
    at Array.map (<anonymous>)
    at Parser._preprocess (C:\Users\dcsaksh\AppData\Roaming\npm\node_modules\markbind-cli\lib\markbind\lib\parser.js:230:43)
    at element.children.element.children.map.e (C:\Users\dcsaksh\AppData\Roaming\npm\node_modules\markbind-cli\lib\markbind\lib\parser.js:245:57)
    at Array.map (<anonymous>)
    at Parser._preprocess (C:\Users\dcsaksh\AppData\Roaming\npm\node_modules\markbind-cli\lib\markbind\lib\parser.js:245:43)
    at element.children.element.children.map.e (C:\Users\dcsaksh\AppData\Roaming\npm\node_modules\markbind-cli\lib\markbind\lib\parser.js:245:57)
    at Array.map (<anonymous>)
    at Parser._preprocess (C:\Users\dcsaksh\AppData\Roaming\npm\node_modules\markbind-cli\lib\markbind\lib\parser.js:245:43)
    at element.children.element.children.map.e (C:\Users\dcsaksh\AppData\Roaming\npm\node_modules\markbind-cli\lib\markbind\lib\parser.js:245:57)
    at Array.map (<anonymous>)
    at Parser._preprocess (C:\Users\dcsaksh\AppData\Roaming\npm\node_modules\markbind-cli\lib\markbind\lib\parser.js:245:43)
    at element.children.element.children.map.e (C:\Users\dcsaksh\AppData\Roaming\npm\node_modules\markbind-cli\lib\markbind\lib\parser.js:245:57)
    at Array.map (<anonymous>)
    at Parser._preprocess (C:\Users\dcsaksh\AppData\Roaming\npm\node_modules\markbind-cli\lib\markbind\lib\parser.js:245:43)
2018-09-28T08:25:11.340Z - error:  Error: No such file: E:\Teaching\aug2018\website\book\modeling\modelingBehaviors\sequenceDiagramsBasic\personListExercise.md
Missing reference in E:\Teaching\aug2018\website\schedule\week7\tutorial.md
    at Parser._preprocess (C:\Users\dcsaksh\AppData\Roaming\npm\node_modules\markbind-cli\lib\markbind\lib\parser.js:136:21)
    at element.children.element.children.map.e (C:\Users\dcsaksh\AppData\Roaming\npm\node_modules\markbind-cli\lib\markbind\lib\parser.js:245:57)
    at Array.map (<anonymous>)
    at Parser._preprocess (C:\Users\dcsaksh\AppData\Roaming\npm\node_modules\markbind-cli\lib\markbind\lib\parser.js:245:43)
    at element.children.element.children.map.e (C:\Users\dcsaksh\AppData\Roaming\npm\node_modules\markbind-cli\lib\markbind\lib\parser.js:245:57)
    at Array.map (<anonymous>)
    at Parser._preprocess (C:\Users\dcsaksh\AppData\Roaming\npm\node_modules\markbind-cli\lib\markbind\lib\parser.js:245:43)
    at element.children.element.children.map.e (C:\Users\dcsaksh\AppData\Roaming\npm\node_modules\markbind-cli\lib\markbind\lib\parser.js:245:57)
    at Array.map (<anonymous>)
    at Parser._preprocess (C:\Users\dcsaksh\AppData\Roaming\npm\node_modules\markbind-cli\lib\markbind\lib\parser.js:245:43)
    at element.children.element.children.map.e (C:\Users\dcsaksh\AppData\Roaming\npm\node_modules\markbind-cli\lib\markbind\lib\parser.js:245:57)
    at Array.map (<anonymous>)
    at Parser._preprocess (C:\Users\dcsaksh\AppData\Roaming\npm\node_modules\markbind-cli\lib\markbind\lib\parser.js:245:43)
    at element.children.element.children.map.e (C:\Users\dcsaksh\AppData\Roaming\npm\node_modules\markbind-cli\lib\markbind\lib\parser.js:230:57)
    at Array.map (<anonymous>)
    at Parser._preprocess (C:\Users\dcsaksh\AppData\Roaming\npm\node_modules\markbind-cli\lib\markbind\lib\parser.js:230:43)
2018-09-28T08:25:14.814Z - error:  Error: No such file: E:\Teaching\aug2018\website\book\oop\classes\enumerations\q-essay-defineWeekDays.md
Missing reference in E:\Teaching\aug2018\website\schedule\evidence\oop.md
    at Parser._preprocess (C:\Users\dcsaksh\AppData\Roaming\npm\node_modules\markbind-cli\lib\markbind\lib\parser.js:136:21)
    at element.children.element.children.map.e (C:\Users\dcsaksh\AppData\Roaming\npm\node_modules\markbind-cli\lib\markbind\lib\parser.js:230:57)
    at Array.map (<anonymous>)
    at Parser._preprocess (C:\Users\dcsaksh\AppData\Roaming\npm\node_modules\markbind-cli\lib\markbind\lib\parser.js:230:43)
    at element.children.element.children.map.e (C:\Users\dcsaksh\AppData\Roaming\npm\node_modules\markbind-cli\lib\markbind\lib\parser.js:245:57)
    at Array.map (<anonymous>)
    at Parser._preprocess (C:\Users\dcsaksh\AppData\Roaming\npm\node_modules\markbind-cli\lib\markbind\lib\parser.js:245:43)
    at element.children.element.children.map.e (C:\Users\dcsaksh\AppData\Roaming\npm\node_modules\markbind-cli\lib\markbind\lib\parser.js:245:57)
    at Array.map (<anonymous>)
    at Parser._preprocess (C:\Users\dcsaksh\AppData\Roaming\npm\node_modules\markbind-cli\lib\markbind\lib\parser.js:245:43)
    at element.children.element.children.map.e (C:\Users\dcsaksh\AppData\Roaming\npm\node_modules\markbind-cli\lib\markbind\lib\parser.js:245:57)
    at Array.map (<anonymous>)
    at Parser._preprocess (C:\Users\dcsaksh\AppData\Roaming\npm\node_modules\markbind-cli\lib\markbind\lib\parser.js:245:43)
    at element.children.element.children.map.e (C:\Users\dcsaksh\AppData\Roaming\npm\node_modules\markbind-cli\lib\markbind\lib\parser.js:245:57)
    at Array.map (<anonymous>)
    at Parser._preprocess (C:\Users\dcsaksh\AppData\Roaming\npm\node_modules\markbind-cli\lib\markbind\lib\parser.js:245:43)
2018-09-28T08:25:47.325Z - error:  Error: No such file: E:\Teaching\aug2018\website\book\oop\classes\enumerations\q-essay-defineWeekDays.md
Missing reference in E:\Teaching\aug2018\website\schedule\evidence\oop.md
    at Parser._preprocess (C:\Users\dcsaksh\AppData\Roaming\npm\node_modules\markbind-cli\lib\markbind\lib\parser.js:136:21)
    at element.children.element.children.map.e (C:\Users\dcsaksh\AppData\Roaming\npm\node_modules\markbind-cli\lib\markbind\lib\parser.js:230:57)
    at Array.map (<anonymous>)
    at Parser._preprocess (C:\Users\dcsaksh\AppData\Roaming\npm\node_modules\markbind-cli\lib\markbind\lib\parser.js:230:43)
    at element.children.element.children.map.e (C:\Users\dcsaksh\AppData\Roaming\npm\node_modules\markbind-cli\lib\markbind\lib\parser.js:245:57)
    at Array.map (<anonymous>)
    at Parser._preprocess (C:\Users\dcsaksh\AppData\Roaming\npm\node_modules\markbind-cli\lib\markbind\lib\parser.js:245:43)
    at element.children.element.children.map.e (C:\Users\dcsaksh\AppData\Roaming\npm\node_modules\markbind-cli\lib\markbind\lib\parser.js:245:57)
    at Array.map (<anonymous>)
    at Parser._preprocess (C:\Users\dcsaksh\AppData\Roaming\npm\node_modules\markbind-cli\lib\markbind\lib\parser.js:245:43)
    at element.children.element.children.map.e (C:\Users\dcsaksh\AppData\Roaming\npm\node_modules\markbind-cli\lib\markbind\lib\parser.js:245:57)
    at Array.map (<anonymous>)
    at Parser._preprocess (C:\Users\dcsaksh\AppData\Roaming\npm\node_modules\markbind-cli\lib\markbind\lib\parser.js:245:43)
    at element.children.element.children.map.e (C:\Users\dcsaksh\AppData\Roaming\npm\node_modules\markbind-cli\lib\markbind\lib\parser.js:245:57)
    at Array.map (<anonymous>)
    at Parser._preprocess (C:\Users\dcsaksh\AppData\Roaming\npm\node_modules\markbind-cli\lib\markbind\lib\parser.js:245:43)
2018-09-28T08:25:47.520Z - error:  Error: No such file: E:\Teaching\aug2018\website\book\oop\classes\enumerations\q-essay-defineWeekDays.md
Missing reference in E:\Teaching\aug2018\website\schedule\evidence\oop.md
    at Parser._preprocess (C:\Users\dcsaksh\AppData\Roaming\npm\node_modules\markbind-cli\lib\markbind\lib\parser.js:136:21)
    at element.children.element.children.map.e (C:\Users\dcsaksh\AppData\Roaming\npm\node_modules\markbind-cli\lib\markbind\lib\parser.js:230:57)
    at Array.map (<anonymous>)
    at Parser._preprocess (C:\Users\dcsaksh\AppData\Roaming\npm\node_modules\markbind-cli\lib\markbind\lib\parser.js:230:43)
    at element.children.element.children.map.e (C:\Users\dcsaksh\AppData\Roaming\npm\node_modules\markbind-cli\lib\markbind\lib\parser.js:245:57)
    at Array.map (<anonymous>)
    at Parser._preprocess (C:\Users\dcsaksh\AppData\Roaming\npm\node_modules\markbind-cli\lib\markbind\lib\parser.js:245:43)
    at element.children.element.children.map.e (C:\Users\dcsaksh\AppData\Roaming\npm\node_modules\markbind-cli\lib\markbind\lib\parser.js:245:57)
    at Array.map (<anonymous>)
    at Parser._preprocess (C:\Users\dcsaksh\AppData\Roaming\npm\node_modules\markbind-cli\lib\markbind\lib\parser.js:245:43)
    at element.children.element.children.map.e (C:\Users\dcsaksh\AppData\Roaming\npm\node_modules\markbind-cli\lib\markbind\lib\parser.js:245:57)
    at Array.map (<anonymous>)
    at Parser._preprocess (C:\Users\dcsaksh\AppData\Roaming\npm\node_modules\markbind-cli\lib\markbind\lib\parser.js:245:43)
    at element.children.element.children.map.e (C:\Users\dcsaksh\AppData\Roaming\npm\node_modules\markbind-cli\lib\markbind\lib\parser.js:245:57)
    at Array.map (<anonymous>)
    at Parser._preprocess (C:\Users\dcsaksh\AppData\Roaming\npm\node_modules\markbind-cli\lib\markbind\lib\parser.js:245:43)
2018-09-28T08:25:48.777Z - error:  Error: No such file: E:\Teaching\aug2018\website\book\modeling\modelingBehaviors\sequenceDiagramsBasic\personListExercise.md
Missing reference in E:\Teaching\aug2018\website\schedule\week7\tutorial.md
    at Parser._preprocess (C:\Users\dcsaksh\AppData\Roaming\npm\node_modules\markbind-cli\lib\markbind\lib\parser.js:136:21)
    at element.children.element.children.map.e (C:\Users\dcsaksh\AppData\Roaming\npm\node_modules\markbind-cli\lib\markbind\lib\parser.js:245:57)
    at Array.map (<anonymous>)
    at Parser._preprocess (C:\Users\dcsaksh\AppData\Roaming\npm\node_modules\markbind-cli\lib\markbind\lib\parser.js:245:43)
    at element.children.element.children.map.e (C:\Users\dcsaksh\AppData\Roaming\npm\node_modules\markbind-cli\lib\markbind\lib\parser.js:245:57)
    at Array.map (<anonymous>)
    at Parser._preprocess (C:\Users\dcsaksh\AppData\Roaming\npm\node_modules\markbind-cli\lib\markbind\lib\parser.js:245:43)
    at element.children.element.children.map.e (C:\Users\dcsaksh\AppData\Roaming\npm\node_modules\markbind-cli\lib\markbind\lib\parser.js:245:57)
    at Array.map (<anonymous>)
    at Parser._preprocess (C:\Users\dcsaksh\AppData\Roaming\npm\node_modules\markbind-cli\lib\markbind\lib\parser.js:245:43)
    at element.children.element.children.map.e (C:\Users\dcsaksh\AppData\Roaming\npm\node_modules\markbind-cli\lib\markbind\lib\parser.js:245:57)
    at Array.map (<anonymous>)
    at Parser._preprocess (C:\Users\dcsaksh\AppData\Roaming\npm\node_modules\markbind-cli\lib\markbind\lib\parser.js:245:43)
    at element.children.element.children.map.e (C:\Users\dcsaksh\AppData\Roaming\npm\node_modules\markbind-cli\lib\markbind\lib\parser.js:230:57)
    at Array.map (<anonymous>)
    at Parser._preprocess (C:\Users\dcsaksh\AppData\Roaming\npm\node_modules\markbind-cli\lib\markbind\lib\parser.js:230:43)
2018-09-28T08:26:02.770Z - info: Pages built
2018-09-28T08:26:02.875Z - info: Site data built
2018-09-28T08:26:02.876Z - info: Build success!
2018-09-28T08:26:02.876Z - info: Generate Site durationMs=71134
2018-09-28T08:31:50.915Z - error:  Error: No such file: E:\Teaching\aug2018\website\book\oop\classes\enumerations\q-essay-defineWeekDays.md
Missing reference in E:\Teaching\aug2018\website\schedule\evidence\oop.md
    at Parser._preprocess (C:\Users\dcsaksh\AppData\Roaming\npm\node_modules\markbind-cli\lib\markbind\lib\parser.js:136:21)
    at element.children.element.children.map.e (C:\Users\dcsaksh\AppData\Roaming\npm\node_modules\markbind-cli\lib\markbind\lib\parser.js:230:57)
    at Array.map (<anonymous>)
    at Parser._preprocess (C:\Users\dcsaksh\AppData\Roaming\npm\node_modules\markbind-cli\lib\markbind\lib\parser.js:230:43)
    at element.children.element.children.map.e (C:\Users\dcsaksh\AppData\Roaming\npm\node_modules\markbind-cli\lib\markbind\lib\parser.js:245:57)
    at Array.map (<anonymous>)
    at Parser._preprocess (C:\Users\dcsaksh\AppData\Roaming\npm\node_modules\markbind-cli\lib\markbind\lib\parser.js:245:43)
    at element.children.element.children.map.e (C:\Users\dcsaksh\AppData\Roaming\npm\node_modules\markbind-cli\lib\markbind\lib\parser.js:245:57)
    at Array.map (<anonymous>)
    at Parser._preprocess (C:\Users\dcsaksh\AppData\Roaming\npm\node_modules\markbind-cli\lib\markbind\lib\parser.js:245:43)
    at element.children.element.children.map.e (C:\Users\dcsaksh\AppData\Roaming\npm\node_modules\markbind-cli\lib\markbind\lib\parser.js:245:57)
    at Array.map (<anonymous>)
    at Parser._preprocess (C:\Users\dcsaksh\AppData\Roaming\npm\node_modules\markbind-cli\lib\markbind\lib\parser.js:245:43)
    at element.children.element.children.map.e (C:\Users\dcsaksh\AppData\Roaming\npm\node_modules\markbind-cli\lib\markbind\lib\parser.js:245:57)
    at Array.map (<anonymous>)
    at Parser._preprocess (C:\Users\dcsaksh\AppData\Roaming\npm\node_modules\markbind-cli\lib\markbind\lib\parser.js:245:43)
2018-09-28T08:31:51.156Z - error:  Error: No such file: E:\Teaching\aug2018\website\book\oop\classes\enumerations\q-essay-defineWeekDays.md
Missing reference in E:\Teaching\aug2018\website\schedule\evidence\oop.md
    at Parser._preprocess (C:\Users\dcsaksh\AppData\Roaming\npm\node_modules\markbind-cli\lib\markbind\lib\parser.js:136:21)
    at element.children.element.children.map.e (C:\Users\dcsaksh\AppData\Roaming\npm\node_modules\markbind-cli\lib\markbind\lib\parser.js:230:57)
    at Array.map (<anonymous>)
    at Parser._preprocess (C:\Users\dcsaksh\AppData\Roaming\npm\node_modules\markbind-cli\lib\markbind\lib\parser.js:230:43)
    at element.children.element.children.map.e (C:\Users\dcsaksh\AppData\Roaming\npm\node_modules\markbind-cli\lib\markbind\lib\parser.js:245:57)
    at Array.map (<anonymous>)
    at Parser._preprocess (C:\Users\dcsaksh\AppData\Roaming\npm\node_modules\markbind-cli\lib\markbind\lib\parser.js:245:43)
    at element.children.element.children.map.e (C:\Users\dcsaksh\AppData\Roaming\npm\node_modules\markbind-cli\lib\markbind\lib\parser.js:245:57)
    at Array.map (<anonymous>)
    at Parser._preprocess (C:\Users\dcsaksh\AppData\Roaming\npm\node_modules\markbind-cli\lib\markbind\lib\parser.js:245:43)
    at element.children.element.children.map.e (C:\Users\dcsaksh\AppData\Roaming\npm\node_modules\markbind-cli\lib\markbind\lib\parser.js:245:57)
    at Array.map (<anonymous>)
    at Parser._preprocess (C:\Users\dcsaksh\AppData\Roaming\npm\node_modules\markbind-cli\lib\markbind\lib\parser.js:245:43)
    at element.children.element.children.map.e (C:\Users\dcsaksh\AppData\Roaming\npm\node_modules\markbind-cli\lib\markbind\lib\parser.js:245:57)
    at Array.map (<anonymous>)
    at Parser._preprocess (C:\Users\dcsaksh\AppData\Roaming\npm\node_modules\markbind-cli\lib\markbind\lib\parser.js:245:43)
2018-09-28T08:31:56.514Z - error:  Error: No such file: E:\Teaching\aug2018\website\book\oop\classes\enumerations\q-essay-defineWeekDays.md
Missing reference in E:\Teaching\aug2018\website\schedule\evidence\oop.md
    at Parser._preprocess (C:\Users\dcsaksh\AppData\Roaming\npm\node_modules\markbind-cli\lib\markbind\lib\parser.js:136:21)
    at element.children.element.children.map.e (C:\Users\dcsaksh\AppData\Roaming\npm\node_modules\markbind-cli\lib\markbind\lib\parser.js:230:57)
    at Array.map (<anonymous>)
    at Parser._preprocess (C:\Users\dcsaksh\AppData\Roaming\npm\node_modules\markbind-cli\lib\markbind\lib\parser.js:230:43)
    at element.children.element.children.map.e (C:\Users\dcsaksh\AppData\Roaming\npm\node_modules\markbind-cli\lib\markbind\lib\parser.js:245:57)
    at Array.map (<anonymous>)
    at Parser._preprocess (C:\Users\dcsaksh\AppData\Roaming\npm\node_modules\markbind-cli\lib\markbind\lib\parser.js:245:43)
    at element.children.element.children.map.e (C:\Users\dcsaksh\AppData\Roaming\npm\node_modules\markbind-cli\lib\markbind\lib\parser.js:245:57)
    at Array.map (<anonymous>)
    at Parser._preprocess (C:\Users\dcsaksh\AppData\Roaming\npm\node_modules\markbind-cli\lib\markbind\lib\parser.js:245:43)
    at element.children.element.children.map.e (C:\Users\dcsaksh\AppData\Roaming\npm\node_modules\markbind-cli\lib\markbind\lib\parser.js:245:57)
    at Array.map (<anonymous>)
    at Parser._preprocess (C:\Users\dcsaksh\AppData\Roaming\npm\node_modules\markbind-cli\lib\markbind\lib\parser.js:245:43)
    at element.children.element.children.map.e (C:\Users\dcsaksh\AppData\Roaming\npm\node_modules\markbind-cli\lib\markbind\lib\parser.js:245:57)
    at Array.map (<anonymous>)
    at Parser._preprocess (C:\Users\dcsaksh\AppData\Roaming\npm\node_modules\markbind-cli\lib\markbind\lib\parser.js:245:43)
2018-09-28T08:32:31.788Z - error:  Error: No such file: E:\Teaching\aug2018\website\book\oop\classes\enumerations\q-essay-defineWeekDays.md
Missing reference in E:\Teaching\aug2018\website\schedule\evidence\oop.md
    at Parser._preprocess (C:\Users\dcsaksh\AppData\Roaming\npm\node_modules\markbind-cli\lib\markbind\lib\parser.js:136:21)
    at element.children.element.children.map.e (C:\Users\dcsaksh\AppData\Roaming\npm\node_modules\markbind-cli\lib\markbind\lib\parser.js:230:57)
    at Array.map (<anonymous>)
    at Parser._preprocess (C:\Users\dcsaksh\AppData\Roaming\npm\node_modules\markbind-cli\lib\markbind\lib\parser.js:230:43)
    at element.children.element.children.map.e (C:\Users\dcsaksh\AppData\Roaming\npm\node_modules\markbind-cli\lib\markbind\lib\parser.js:245:57)
    at Array.map (<anonymous>)
    at Parser._preprocess (C:\Users\dcsaksh\AppData\Roaming\npm\node_modules\markbind-cli\lib\markbind\lib\parser.js:245:43)
    at element.children.element.children.map.e (C:\Users\dcsaksh\AppData\Roaming\npm\node_modules\markbind-cli\lib\markbind\lib\parser.js:245:57)
    at Array.map (<anonymous>)
    at Parser._preprocess (C:\Users\dcsaksh\AppData\Roaming\npm\node_modules\markbind-cli\lib\markbind\lib\parser.js:245:43)
    at element.children.element.children.map.e (C:\Users\dcsaksh\AppData\Roaming\npm\node_modules\markbind-cli\lib\markbind\lib\parser.js:245:57)
    at Array.map (<anonymous>)
    at Parser._preprocess (C:\Users\dcsaksh\AppData\Roaming\npm\node_modules\markbind-cli\lib\markbind\lib\parser.js:245:43)
    at element.children.element.children.map.e (C:\Users\dcsaksh\AppData\Roaming\npm\node_modules\markbind-cli\lib\markbind\lib\parser.js:245:57)
    at Array.map (<anonymous>)
    at Parser._preprocess (C:\Users\dcsaksh\AppData\Roaming\npm\node_modules\markbind-cli\lib\markbind\lib\parser.js:245:43)
2018-09-28T08:32:31.997Z - error:  Error: No such file: E:\Teaching\aug2018\website\book\oop\classes\enumerations\q-essay-defineWeekDays.md
Missing reference in E:\Teaching\aug2018\website\schedule\evidence\oop.md
    at Parser._preprocess (C:\Users\dcsaksh\AppData\Roaming\npm\node_modules\markbind-cli\lib\markbind\lib\parser.js:136:21)
    at element.children.element.children.map.e (C:\Users\dcsaksh\AppData\Roaming\npm\node_modules\markbind-cli\lib\markbind\lib\parser.js:230:57)
    at Array.map (<anonymous>)
    at Parser._preprocess (C:\Users\dcsaksh\AppData\Roaming\npm\node_modules\markbind-cli\lib\markbind\lib\parser.js:230:43)
    at element.children.element.children.map.e (C:\Users\dcsaksh\AppData\Roaming\npm\node_modules\markbind-cli\lib\markbind\lib\parser.js:245:57)
    at Array.map (<anonymous>)
    at Parser._preprocess (C:\Users\dcsaksh\AppData\Roaming\npm\node_modules\markbind-cli\lib\markbind\lib\parser.js:245:43)
    at element.children.element.children.map.e (C:\Users\dcsaksh\AppData\Roaming\npm\node_modules\markbind-cli\lib\markbind\lib\parser.js:245:57)
    at Array.map (<anonymous>)
    at Parser._preprocess (C:\Users\dcsaksh\AppData\Roaming\npm\node_modules\markbind-cli\lib\markbind\lib\parser.js:245:43)
    at element.children.element.children.map.e (C:\Users\dcsaksh\AppData\Roaming\npm\node_modules\markbind-cli\lib\markbind\lib\parser.js:245:57)
    at Array.map (<anonymous>)
    at Parser._preprocess (C:\Users\dcsaksh\AppData\Roaming\npm\node_modules\markbind-cli\lib\markbind\lib\parser.js:245:43)
    at element.children.element.children.map.e (C:\Users\dcsaksh\AppData\Roaming\npm\node_modules\markbind-cli\lib\markbind\lib\parser.js:245:57)
    at Array.map (<anonymous>)
    at Parser._preprocess (C:\Users\dcsaksh\AppData\Roaming\npm\node_modules\markbind-cli\lib\markbind\lib\parser.js:245:43)
2018-09-28T08:32:49.045Z - info: Pages built
2018-09-28T08:32:49.147Z - info: Site data built
2018-09-28T08:32:49.148Z - info: Build success!
2018-09-28T08:32:49.148Z - info: Generate Site durationMs=76523
