2018-08-10T02:24:21.763Z - info: Pages built
2018-08-10T02:24:21.868Z - info: Site data built
2018-08-10T02:24:21.874Z - info: Generate Site durationMs=52874
2018-08-10T02:24:22.095Z - info: Serving "E:\Teaching\aug2018\website\_site" at http://127.0.0.1:8080
2018-08-10T02:24:22.096Z - info: Press CTRL+C to stop ...
2018-08-10T06:50:47.966Z - info: Reload for file change: E:\Teaching\aug2018\website\schedule\evidence\testing.md
2018-08-10T06:50:48.974Z - verbose: Rebuild affected paths: E:\Teaching\aug2018\website\schedule\evidence\testing.md
2018-08-10T06:50:48.998Z - info: Rebuilding 11 pages
2018-08-10T06:51:03.188Z - info: Pages rebuilt
2018-08-10T06:51:03.197Z - info: Site data built
2018-08-10T07:02:32.313Z - info: Reload for file change: E:\Teaching\aug2018\website\schedule\evidence\intellij.md
2018-08-10T07:02:33.314Z - verbose: Rebuild affected paths: E:\Teaching\aug2018\website\schedule\evidence\intellij.md
2018-08-10T07:02:33.315Z - info: Rebuilding 3 pages
2018-08-10T07:02:40.679Z - info: Pages rebuilt
2018-08-10T07:02:40.689Z - info: Site data built
2018-08-10T07:08:32.885Z - info: Reload for file change: E:\Teaching\aug2018\website\se-book-adapted\config.njk
2018-08-10T07:08:33.889Z - info: Assets built
2018-08-10T07:09:44.731Z - info: Reload for file change: E:\Teaching\aug2018\website\schedule\evidence\javaTools.md
2018-08-10T07:09:45.733Z - verbose: Rebuild affected paths: E:\Teaching\aug2018\website\schedule\evidence\javaTools.md
2018-08-10T07:09:45.737Z - info: Rebuilding 5 pages
2018-08-10T07:09:53.907Z - info: Pages rebuilt
2018-08-10T07:09:53.913Z - info: Site data built
2018-08-10T07:13:03.021Z - info: Reload for file change: E:\Teaching\aug2018\website\schedule\evidence\javaTools.md
2018-08-10T07:13:04.022Z - verbose: Rebuild affected paths: E:\Teaching\aug2018\website\schedule\evidence\javaTools.md
2018-08-10T07:13:04.023Z - info: Rebuilding 5 pages
2018-08-10T07:13:11.950Z - info: Pages rebuilt
2018-08-10T07:13:11.958Z - info: Site data built
2018-08-10T07:13:52.301Z - info: Reload for file change: E:\Teaching\aug2018\website\schedule\evidence\javaTools.md
2018-08-10T07:13:53.303Z - verbose: Rebuild affected paths: E:\Teaching\aug2018\website\schedule\evidence\javaTools.md
2018-08-10T07:13:53.307Z - info: Rebuilding 5 pages
2018-08-10T07:14:01.186Z - info: Pages rebuilt
2018-08-10T07:14:01.195Z - info: Site data built
2018-08-10T07:15:29.489Z - info: Reload for file deletion: E:\Teaching\aug2018\website\schedule\evidence\cppToJava.md
2018-08-10T07:15:30.490Z - verbose: Rebuild affected paths: E:\Teaching\aug2018\website\schedule\evidence\cppToJava.md
2018-08-10T07:15:30.492Z - info: Rebuilding 3 pages
2018-08-10T07:15:37.745Z - info: Pages rebuilt
2018-08-10T07:15:37.752Z - info: Site data built
2018-08-10T07:15:39.533Z - info: Reload for file add: E:\Teaching\aug2018\website\schedule\evidence\cppToJava.md
2018-08-10T07:15:40.535Z - verbose: Rebuild affected paths: E:\Teaching\aug2018\website\schedule\evidence\cppToJava.md
2018-08-10T07:15:40.535Z - info: Rebuilding 3 pages
2018-08-10T07:15:47.292Z - info: Pages rebuilt
2018-08-10T07:15:47.302Z - info: Site data built
2018-08-10T07:20:41.478Z - info: Reload for file change: E:\Teaching\aug2018\website\se-book-adapted\config.njk
2018-08-10T07:20:42.484Z - info: Assets built
2018-08-10T07:22:08.846Z - info: Reload for file change: E:\Teaching\aug2018\website\se-book-adapted\config.njk
2018-08-10T07:22:09.852Z - info: Assets built
2018-08-10T07:28:27.567Z - info: Reload for file change: E:\Teaching\aug2018\website\schedule\index.md
2018-08-10T07:28:28.568Z - verbose: Rebuild affected paths: E:\Teaching\aug2018\website\schedule\index.md
2018-08-10T07:28:28.568Z - info: Rebuilding 2 pages
2018-08-10T07:28:36.290Z - info: Pages rebuilt
2018-08-10T07:28:36.303Z - info: Site data built
2018-08-10T08:18:14.229Z - info: Pages built
2018-08-10T08:18:14.384Z - info: Site data built
2018-08-10T08:18:14.399Z - info: Generate Site durationMs=55255
2018-08-10T08:18:14.760Z - info: Serving "E:\Teaching\aug2018\website\_site" at http://127.0.0.1:8080
2018-08-10T08:18:14.761Z - info: Press CTRL+C to stop ...
2018-08-10T08:26:21.698Z - info: Reload for file change: E:\Teaching\aug2018\website\admin\project-deliverables.md
2018-08-10T08:26:22.699Z - verbose: Rebuild affected paths: E:\Teaching\aug2018\website\admin\project-deliverables.md
2018-08-10T08:26:22.703Z - info: Rebuilding 21 pages
2018-08-10T08:26:35.845Z - info: Pages rebuilt
2018-08-10T08:26:35.856Z - info: Site data built
2018-08-10T08:27:03.273Z - info: Reload for file change: E:\Teaching\aug2018\website\admin\project-deliverables.md
2018-08-10T08:27:04.273Z - verbose: Rebuild affected paths: E:\Teaching\aug2018\website\admin\project-deliverables.md
2018-08-10T08:27:04.279Z - info: Rebuilding 21 pages
2018-08-10T08:27:10.342Z - info: Reload for file change: E:\Teaching\aug2018\website\admin\project-deliverables.md
2018-08-10T08:27:16.853Z - info: Pages rebuilt
2018-08-10T08:27:16.864Z - info: Site data built
2018-08-10T08:27:16.907Z - verbose: Rebuild affected paths: E:\Teaching\aug2018\website\admin\project-deliverables.md
2018-08-10T08:27:16.909Z - info: Rebuilding 21 pages
2018-08-10T08:27:29.535Z - info: Pages rebuilt
2018-08-10T08:27:29.545Z - info: Site data built
2018-08-10T11:13:49.945Z - info: Pages built
2018-08-10T11:13:50.088Z - info: Site data built
2018-08-10T11:13:50.094Z - info: Generate Site durationMs=58483
2018-08-10T11:13:50.325Z - info: Serving "E:\Teaching\aug2018\website\_site" at http://127.0.0.1:8080
2018-08-10T11:13:50.325Z - info: Press CTRL+C to stop ...
2018-08-10T11:16:10.802Z - info: Reload for file change: E:\Teaching\aug2018\website\schedule\evidence\specifyingRequirements.md
2018-08-10T11:16:11.804Z - verbose: Rebuild affected paths: E:\Teaching\aug2018\website\schedule\evidence\specifyingRequirements.md
2018-08-10T11:16:11.805Z - info: Rebuilding 3 pages
2018-08-10T11:16:19.886Z - info: Pages rebuilt
2018-08-10T11:16:19.896Z - info: Site data built
2018-08-10T11:17:29.073Z - info: Reload for file change: E:\Teaching\aug2018\website\schedule\evidence\specifyingRequirements.md
2018-08-10T11:17:30.075Z - verbose: Rebuild affected paths: E:\Teaching\aug2018\website\schedule\evidence\specifyingRequirements.md
2018-08-10T11:17:30.078Z - info: Rebuilding 3 pages
2018-08-10T11:17:37.825Z - info: Pages rebuilt
2018-08-10T11:17:37.839Z - info: Site data built
