2018-10-16T06:24:01.753Z - info: Pages built
2018-10-16T06:24:01.905Z - info: Site data built
2018-10-16T06:24:01.913Z - info: Generate Site durationMs=83649
2018-10-16T06:24:02.207Z - info: Serving "E:\Teaching\aug2018\website\_site" at http://127.0.0.1:8080
2018-10-16T06:24:02.207Z - info: Press CTRL+C to stop ...
2018-10-16T06:25:08.319Z - info: Reload for file change: E:\Teaching\aug2018\website\schedule\week9\tutorial.md
2018-10-16T06:25:09.322Z - verbose: Rebuild affected paths: E:\Teaching\aug2018\website\schedule\week9\tutorial.md
2018-10-16T06:25:09.327Z - info: Rebuilding 5 pages
2018-10-16T06:25:27.352Z - info: Reload for file change: E:\Teaching\aug2018\website\schedule\week9\tutorial.md
2018-10-16T06:25:32.901Z - info: Pages rebuilt
2018-10-16T06:25:32.913Z - info: Site data built
2018-10-16T06:25:33.004Z - verbose: Rebuild affected paths: E:\Teaching\aug2018\website\schedule\week9\tutorial.md
2018-10-16T06:25:33.005Z - info: Rebuilding 5 pages
2018-10-16T06:25:56.230Z - info: Pages rebuilt
2018-10-16T06:25:56.244Z - info: Site data built
2018-10-16T06:30:37.058Z - info: Reload for file change: E:\Teaching\aug2018\website\schedule\week9\tutorial.md
2018-10-16T06:30:38.059Z - verbose: Rebuild affected paths: E:\Teaching\aug2018\website\schedule\week9\tutorial.md
2018-10-16T06:30:38.064Z - info: Rebuilding 5 pages
2018-10-16T06:31:00.835Z - info: Pages rebuilt
2018-10-16T06:31:00.848Z - info: Site data built
2018-10-16T06:32:51.408Z - info: Reload for file change: E:\Teaching\aug2018\website\schedule\week9\tutorial.md
2018-10-16T06:32:52.410Z - verbose: Rebuild affected paths: E:\Teaching\aug2018\website\schedule\week9\tutorial.md
2018-10-16T06:32:52.411Z - info: Rebuilding 5 pages
2018-10-16T06:33:10.934Z - info: Reload for file change: E:\Teaching\aug2018\website\schedule\week9\tutorial.md
2018-10-16T06:33:16.080Z - info: Pages rebuilt
2018-10-16T06:33:16.090Z - info: Site data built
2018-10-16T06:33:16.157Z - verbose: Rebuild affected paths: E:\Teaching\aug2018\website\schedule\week9\tutorial.md
2018-10-16T06:33:16.158Z - info: Rebuilding 5 pages
2018-10-16T06:33:37.920Z - info: Pages rebuilt
2018-10-16T06:33:37.931Z - info: Site data built
2018-10-16T06:35:42.260Z - info: Reload for file change: E:\Teaching\aug2018\website\schedule\week9\tutorial.md
2018-10-16T06:35:43.262Z - verbose: Rebuild affected paths: E:\Teaching\aug2018\website\schedule\week9\tutorial.md
2018-10-16T06:35:43.263Z - info: Rebuilding 5 pages
2018-10-16T06:36:04.702Z - info: Pages rebuilt
2018-10-16T06:36:04.713Z - info: Site data built
2018-10-16T06:38:41.642Z - info: Reload for file change: E:\Teaching\aug2018\website\schedule\week9\tutorial.md
2018-10-16T06:38:42.642Z - verbose: Rebuild affected paths: E:\Teaching\aug2018\website\schedule\week9\tutorial.md
2018-10-16T06:38:42.648Z - info: Rebuilding 5 pages
2018-10-16T06:39:00.036Z - info: Reload for file change: E:\Teaching\aug2018\website\schedule\week9\tutorial.md
2018-10-16T06:39:04.350Z - info: Pages rebuilt
2018-10-16T06:39:04.362Z - info: Site data built
2018-10-16T06:39:04.416Z - verbose: Rebuild affected paths: E:\Teaching\aug2018\website\schedule\week9\tutorial.md
2018-10-16T06:39:04.417Z - info: Rebuilding 5 pages
2018-10-16T06:39:26.662Z - info: Pages rebuilt
2018-10-16T06:39:26.676Z - info: Site data built
2018-10-16T08:40:02.061Z - info: Reload for file change: E:\Teaching\aug2018\website\schedule\week9\tutorial.md
2018-10-16T08:40:03.061Z - verbose: Rebuild affected paths: E:\Teaching\aug2018\website\schedule\week9\tutorial.md
2018-10-16T08:40:03.062Z - info: Rebuilding 5 pages
2018-10-16T08:40:26.080Z - info: Pages rebuilt
2018-10-16T08:40:26.094Z - info: Site data built
2018-10-16T08:46:00.531Z - info: Pages built
2018-10-16T08:46:00.640Z - info: Site data built
2018-10-16T08:46:00.641Z - info: Build success!
2018-10-16T08:46:00.641Z - info: Generate Site durationMs=82055
2018-10-16T08:48:53.913Z - info: Deployed!
