2018-10-30T05:33:28.581Z - info: Pages built
2018-10-30T05:33:28.712Z - info: Site data built
2018-10-30T05:33:28.713Z - info: Build success!
2018-10-30T05:33:28.713Z - info: Generate Site durationMs=69090
2018-10-30T05:34:52.307Z - info: Deployed!
2018-10-30T08:49:21.680Z - info: Pages built
2018-10-30T08:49:21.787Z - info: Site data built
2018-10-30T08:49:21.793Z - info: Generate Site durationMs=70587
2018-10-30T08:49:22.051Z - info: Serving "E:\Teaching\aug2018\website\_site" at http://127.0.0.1:8080
2018-10-30T08:49:22.052Z - info: Press CTRL+C to stop ...
2018-10-30T08:50:46.306Z - info: Reload for file change: E:\Teaching\aug2018\website\schedule\week11\tutorial.md
2018-10-30T08:50:47.308Z - verbose: Rebuild affected paths: E:\Teaching\aug2018\website\schedule\week11\tutorial.md
2018-10-30T08:50:47.310Z - info: Rebuilding 5 pages
2018-10-30T08:51:04.026Z - info: Pages rebuilt
2018-10-30T08:51:04.038Z - info: Site data built
2018-10-30T08:51:26.677Z - info: Reload for file change: E:\Teaching\aug2018\website\schedule\week11\tutorial.md
2018-10-30T08:51:27.680Z - verbose: Rebuild affected paths: E:\Teaching\aug2018\website\schedule\week11\tutorial.md
2018-10-30T08:51:27.681Z - info: Rebuilding 5 pages
2018-10-30T08:51:38.828Z - info: Reload for file change: E:\Teaching\aug2018\website\schedule\week11\tutorial.md
2018-10-30T08:51:44.396Z - info: Pages rebuilt
2018-10-30T08:51:44.403Z - info: Site data built
2018-10-30T08:51:44.482Z - verbose: Rebuild affected paths: E:\Teaching\aug2018\website\schedule\week11\tutorial.md
2018-10-30T08:51:44.483Z - info: Rebuilding 5 pages
2018-10-30T08:52:00.914Z - info: Pages rebuilt
2018-10-30T08:52:00.926Z - info: Site data built
2018-10-30T08:52:24.954Z - info: Reload for file change: E:\Teaching\aug2018\website\schedule\week11\tutorial.md
2018-10-30T08:52:25.955Z - verbose: Rebuild affected paths: E:\Teaching\aug2018\website\schedule\week11\tutorial.md
2018-10-30T08:52:25.959Z - info: Rebuilding 5 pages
2018-10-30T08:52:42.592Z - info: Pages rebuilt
2018-10-30T08:52:42.602Z - info: Site data built
2018-10-30T08:53:08.952Z - info: Reload for file change: E:\Teaching\aug2018\website\schedule\week11\tutorial.md
2018-10-30T08:53:09.954Z - verbose: Rebuild affected paths: E:\Teaching\aug2018\website\schedule\week11\tutorial.md
2018-10-30T08:53:09.957Z - info: Rebuilding 5 pages
2018-10-30T08:53:23.811Z - info: Reload for file change: E:\Teaching\aug2018\website\schedule\week11\tutorial.md
2018-10-30T08:53:28.025Z - info: Pages rebuilt
2018-10-30T08:53:28.035Z - info: Site data built
2018-10-30T08:53:28.184Z - verbose: Rebuild affected paths: E:\Teaching\aug2018\website\schedule\week11\tutorial.md
2018-10-30T08:53:28.185Z - info: Rebuilding 5 pages
2018-10-30T08:53:44.504Z - info: Pages rebuilt
2018-10-30T08:53:44.513Z - info: Site data built
2018-10-30T08:53:51.199Z - info: Reload for file change: E:\Teaching\aug2018\website\schedule\week11\tutorial.md
2018-10-30T08:53:52.200Z - verbose: Rebuild affected paths: E:\Teaching\aug2018\website\schedule\week11\tutorial.md
2018-10-30T08:53:52.201Z - info: Rebuilding 5 pages
2018-10-30T08:54:02.942Z - info: Reload for file change: E:\Teaching\aug2018\website\schedule\week11\tutorial.md
2018-10-30T08:54:08.470Z - info: Pages rebuilt
2018-10-30T08:54:08.478Z - info: Site data built
2018-10-30T08:54:08.585Z - verbose: Rebuild affected paths: E:\Teaching\aug2018\website\schedule\week11\tutorial.md
2018-10-30T08:54:08.587Z - info: Rebuilding 5 pages
2018-10-30T08:54:24.988Z - info: Pages rebuilt
2018-10-30T08:54:24.998Z - info: Site data built
