2018-07-30T08:02:26.884Z - info: Pages built
2018-07-30T08:02:26.951Z - info: Site data built
2018-07-30T08:02:26.957Z - info: Generate Site durationMs=39108
2018-07-30T08:02:27.179Z - info: Serving "E:\Teaching\aug2018\website\_site" at http://127.0.0.1:8080
2018-07-30T08:02:27.179Z - info: Press CTRL+C to stop ...
2018-07-30T08:03:25.850Z - info: Reload for file change: E:\Teaching\aug2018\website\_markbind\variables.md
2018-07-30T08:03:26.868Z - verbose: Rebuild affected paths: E:\Teaching\aug2018\website\_markbind\variables.md
2018-07-30T08:03:26.868Z - info: Rebuilding 0 pages
2018-07-30T08:03:26.868Z - info: Pages rebuilt
2018-07-30T08:03:26.868Z - info: Site data built
2018-07-30T08:03:45.113Z - info: Reload for file change: E:\Teaching\aug2018\website\_markbind\variables.md
2018-07-30T08:03:46.125Z - verbose: Rebuild affected paths: E:\Teaching\aug2018\website\_markbind\variables.md
2018-07-30T08:03:46.126Z - info: Rebuilding 0 pages
2018-07-30T08:03:46.126Z - info: Pages rebuilt
2018-07-30T08:03:46.138Z - info: Site data built
2018-07-30T08:03:52.702Z - info: Reload for file change: E:\Teaching\aug2018\website\_markbind\variables.md
2018-07-30T08:03:53.711Z - verbose: Rebuild affected paths: E:\Teaching\aug2018\website\_markbind\variables.md
2018-07-30T08:03:53.712Z - info: Rebuilding 0 pages
2018-07-30T08:03:53.712Z - info: Pages rebuilt
2018-07-30T08:03:53.726Z - info: Site data built
2018-07-30T08:04:48.102Z - info: Reload for file change: E:\Teaching\aug2018\website\_markbind\variables.md
2018-07-30T08:04:49.103Z - verbose: Rebuild affected paths: E:\Teaching\aug2018\website\_markbind\variables.md
2018-07-30T08:04:49.103Z - info: Rebuilding 0 pages
2018-07-30T08:04:49.103Z - info: Pages rebuilt
2018-07-30T08:04:49.107Z - info: Site data built
2018-07-30T08:05:44.358Z - info: Pages built
2018-07-30T08:05:44.436Z - info: Site data built
2018-07-30T08:05:44.442Z - info: Generate Site durationMs=40449
2018-07-30T08:05:44.660Z - info: Serving "E:\Teaching\aug2018\website\_site" at http://127.0.0.1:8080
2018-07-30T08:05:44.660Z - info: Press CTRL+C to stop ...
2018-07-30T09:07:09.583Z - info: Reload for file deletion: E:\Teaching\aug2018\website\_markbind\_site\book\oop\classes\what\unit-inElsewhere-asFlat._include_.html
2018-07-30T09:07:09.583Z - info: Reload for file deletion: E:\Teaching\aug2018\website\_markbind\_site\book\uml\sequenceDiagrams\basic\unit-inElsewhere-asFlat._include_.html
2018-07-30T09:07:09.583Z - info: Reload for file deletion: E:\Teaching\aug2018\website\_markbind\_site\book\uml\sequenceDiagrams\loops\unit-inElsewhere-asFlat._include_.html
2018-07-30T09:07:09.583Z - info: Reload for file deletion: E:\Teaching\aug2018\website\_markbind\_site\book\uml\sequenceDiagrams\minimalNotation\unit-inElsewhere-asFlat._include_.html
2018-07-30T09:07:09.583Z - info: Reload for file deletion: E:\Teaching\aug2018\website\_markbind\_site\book\uml\sequenceDiagrams\objectCreation\unit-inElsewhere-asFlat._include_.html
2018-07-30T09:07:09.583Z - info: Reload for file deletion: E:\Teaching\aug2018\website\_markbind\_site\book\uml\objectDiagrams\objects\unit-inElsewhere-asFlat._include_.html
2018-07-30T09:07:09.583Z - info: Reload for file deletion: E:\Teaching\aug2018\website\_markbind\_site\book\uml\objectDiagrams\associations\unit-inElsewhere-asFlat._include_.html
2018-07-30T09:07:09.583Z - info: Reload for file deletion: E:\Teaching\aug2018\website\_markbind\_site\book\uml\activityDiagrams\basicNotations\parallelPaths\unit-inElsewhere-asFlat._include_.html
2018-07-30T09:07:09.583Z - info: Reload for file deletion: E:\Teaching\aug2018\website\_markbind\_site\book\uml\activityDiagrams\basicNotations\alternatePaths\unit-inElsewhere-asFlat._include_.html
2018-07-30T09:07:09.583Z - info: Reload for file deletion: E:\Teaching\aug2018\website\_markbind\_site\book\uml\activityDiagrams\basicNotations\linearPaths\unit-inElsewhere-asFlat._include_.html
2018-07-30T09:07:09.583Z - info: Reload for file deletion: E:\Teaching\aug2018\website\_markbind\_site\book\uml\classDiagrams\associations\navigability\unit-inElsewhere-asFlat._include_.html
2018-07-30T09:07:09.583Z - info: Reload for file deletion: E:\Teaching\aug2018\website\_markbind\_site\book\uml\classDiagrams\associations\multiplicity\unit-inElsewhere-asFlat._include_.html
2018-07-30T09:07:09.583Z - info: Reload for file deletion: E:\Teaching\aug2018\website\_markbind\_site\book\uml\classDiagrams\associations\roles\unit-inElsewhere-asFlat._include_.html
2018-07-30T09:07:09.583Z - info: Reload for file deletion: E:\Teaching\aug2018\website\_markbind\_site\book\uml\classDiagrams\classLevelMembers\what\unit-inElsewhere-asFlat._include_.html
2018-07-30T09:07:09.583Z - info: Reload for file deletion: E:\Teaching\aug2018\website\_markbind\_site\book\uml\classDiagrams\associations\labels\unit-inElsewhere-asFlat._include_.html
2018-07-30T09:07:09.583Z - info: Reload for file deletion: E:\Teaching\aug2018\website\_markbind\_site\book\uml\classDiagrams\associations\what\unit-inElsewhere-asFlat._include_.html
2018-07-30T09:07:09.583Z - info: Reload for file deletion: E:\Teaching\aug2018\website\_markbind\_site\book\uml\classDiagrams\classes\what\unit-inElsewhere-asFlat._include_.html
2018-07-30T09:07:10.593Z - verbose: Rebuild affected paths: E:\Teaching\aug2018\website\_markbind\_site\book\oop\classes\what\unit-inElsewhere-asFlat._include_.html,E:\Teaching\aug2018\website\_markbind\_site\book\uml\sequenceDiagrams\basic\unit-inElsewhere-asFlat._include_.html,E:\Teaching\aug2018\website\_markbind\_site\book\uml\sequenceDiagrams\loops\unit-inElsewhere-asFlat._include_.html,E:\Teaching\aug2018\website\_markbind\_site\book\uml\sequenceDiagrams\minimalNotation\unit-inElsewhere-asFlat._include_.html,E:\Teaching\aug2018\website\_markbind\_site\book\uml\sequenceDiagrams\objectCreation\unit-inElsewhere-asFlat._include_.html,E:\Teaching\aug2018\website\_markbind\_site\book\uml\objectDiagrams\objects\unit-inElsewhere-asFlat._include_.html,E:\Teaching\aug2018\website\_markbind\_site\book\uml\objectDiagrams\associations\unit-inElsewhere-asFlat._include_.html,E:\Teaching\aug2018\website\_markbind\_site\book\uml\activityDiagrams\basicNotations\parallelPaths\unit-inElsewhere-asFlat._include_.html,E:\Teaching\aug2018\website\_markbind\_site\book\uml\activityDiagrams\basicNotations\alternatePaths\unit-inElsewhere-asFlat._include_.html,E:\Teaching\aug2018\website\_markbind\_site\book\uml\activityDiagrams\basicNotations\linearPaths\unit-inElsewhere-asFlat._include_.html,E:\Teaching\aug2018\website\_markbind\_site\book\uml\classDiagrams\associations\navigability\unit-inElsewhere-asFlat._include_.html,E:\Teaching\aug2018\website\_markbind\_site\book\uml\classDiagrams\associations\multiplicity\unit-inElsewhere-asFlat._include_.html,E:\Teaching\aug2018\website\_markbind\_site\book\uml\classDiagrams\associations\roles\unit-inElsewhere-asFlat._include_.html,E:\Teaching\aug2018\website\_markbind\_site\book\uml\classDiagrams\classLevelMembers\what\unit-inElsewhere-asFlat._include_.html,E:\Teaching\aug2018\website\_markbind\_site\book\uml\classDiagrams\associations\labels\unit-inElsewhere-asFlat._include_.html,E:\Teaching\aug2018\website\_markbind\_site\book\uml\classDiagrams\associations\what\unit-inElsewhere-asFlat._include_.html,E:\Teaching\aug2018\website\_markbind\_site\book\uml\classDiagrams\classes\what\unit-inElsewhere-asFlat._include_.html
2018-07-30T09:07:10.593Z - info: Rebuilding 0 pages
2018-07-30T09:07:10.593Z - info: Pages rebuilt
2018-07-30T09:07:10.593Z - info: Site data built
