2018-08-04T16:09:36.404Z - info: [00:09:36] Reload for file change: /home/anarayan/workspace/CS2113/aug2018/website/admin/tools.md
2018-08-04T16:09:37.407Z - verbose: Rebuild affected paths: /home/anarayan/workspace/CS2113/aug2018/website/admin/tools.md
2018-08-04T16:09:37.415Z - info: Rebuilding 8 pages
2018-08-04T16:10:28.706Z - info: Pages rebuilt
2018-08-04T16:10:28.740Z - info: Site data built
2018-08-04T23:56:11.710Z - info: [07:56:11] Reload for file change: /home/anarayan/workspace/CS2113/aug2018/website/admin/collate.fr
2018-08-04T23:56:12.789Z - info: Assets built
2018-08-05T00:05:34.395Z - info: [08:05:34] Reload for file change: /home/anarayan/workspace/CS2113/aug2018/website/admin/tutorials.md
2018-08-05T00:05:35.396Z - verbose: Rebuild affected paths: /home/anarayan/workspace/CS2113/aug2018/website/admin/tutorials.md
2018-08-05T00:05:35.401Z - info: Rebuilding 9 pages
2018-08-05T00:06:21.206Z - info: Pages rebuilt
2018-08-05T00:06:21.220Z - info: Site data built
2018-08-05T00:07:51.634Z - info: [08:07:51] Reload for file change: /home/anarayan/workspace/CS2113/aug2018/website/admin/collate.fr
2018-08-05T00:07:52.648Z - info: Assets built
2018-08-05T00:12:46.040Z - info: [08:12:46] Reload for file change: /home/anarayan/workspace/CS2113/aug2018/website/admin/collate.fr
2018-08-05T00:12:47.044Z - info: Assets built
2018-08-05T00:13:50.165Z - info: [08:13:50] Reload for file change: /home/anarayan/workspace/CS2113/aug2018/website/admin/collate.fr
2018-08-05T00:13:51.173Z - info: Assets built
2018-08-05T00:15:07.392Z - info: [08:15:07] Reload for file change: /home/anarayan/workspace/CS2113/aug2018/website/admin/project-overview.md
2018-08-05T00:15:08.393Z - verbose: Rebuild affected paths: /home/anarayan/workspace/CS2113/aug2018/website/admin/project-overview.md
2018-08-05T00:15:08.397Z - info: Rebuilding 5 pages
2018-08-05T00:15:57.824Z - info: Pages rebuilt
2018-08-05T00:15:57.853Z - info: Site data built
2018-08-05T00:57:00.482Z - info: [08:57:00] Reload for file change: /home/anarayan/workspace/CS2113/aug2018/website/admin/project-scope.md
2018-08-05T00:57:01.482Z - verbose: Rebuild affected paths: /home/anarayan/workspace/CS2113/aug2018/website/admin/project-scope.md
2018-08-05T00:57:01.491Z - info: Rebuilding 11 pages
2018-08-05T00:58:03.315Z - info: Pages rebuilt
2018-08-05T00:58:03.338Z - info: Site data built
2018-08-05T01:05:17.603Z - info: [09:05:17] Reload for file change: /home/anarayan/workspace/CS2113/aug2018/website/admin/project-scope.md
2018-08-05T01:05:18.608Z - verbose: Rebuild affected paths: /home/anarayan/workspace/CS2113/aug2018/website/admin/project-scope.md
2018-08-05T01:05:18.617Z - info: Rebuilding 11 pages
2018-08-05T01:06:18.272Z - info: Pages rebuilt
2018-08-05T01:06:18.286Z - info: Site data built
2018-08-05T01:06:44.198Z - info: [09:06:44] Reload for file change: /home/anarayan/workspace/CS2113/aug2018/website/admin/project-scope.md
2018-08-05T01:06:45.198Z - verbose: Rebuild affected paths: /home/anarayan/workspace/CS2113/aug2018/website/admin/project-scope.md
2018-08-05T01:06:45.200Z - info: Rebuilding 11 pages
2018-08-05T01:07:42.825Z - info: Pages rebuilt
2018-08-05T01:07:42.848Z - info: Site data built
2018-08-05T01:12:45.398Z - info: [09:12:45] Reload for file change: /home/anarayan/workspace/CS2113/aug2018/website/admin/project-scope.md
2018-08-05T01:12:46.398Z - verbose: Rebuild affected paths: /home/anarayan/workspace/CS2113/aug2018/website/admin/project-scope.md
2018-08-05T01:12:46.407Z - info: Rebuilding 11 pages
2018-08-05T01:13:46.940Z - info: Pages rebuilt
2018-08-05T01:13:46.975Z - info: Site data built
2018-08-05T01:16:13.940Z - info: [09:16:13] Reload for file change: /home/anarayan/workspace/CS2113/aug2018/website/admin/tools.md
2018-08-05T01:16:14.944Z - verbose: Rebuild affected paths: /home/anarayan/workspace/CS2113/aug2018/website/admin/tools.md
2018-08-05T01:16:14.951Z - info: Rebuilding 8 pages
2018-08-05T01:17:06.326Z - info: Pages rebuilt
2018-08-05T01:17:06.340Z - info: Site data built
2018-08-05T01:47:15.606Z - info: [09:47:15] Reload for file change: /home/anarayan/workspace/CS2113/aug2018/website/admin/project-constraints.md
2018-08-05T01:47:16.607Z - verbose: Rebuild affected paths: /home/anarayan/workspace/CS2113/aug2018/website/admin/project-constraints.md
2018-08-05T01:47:16.615Z - info: Rebuilding 6 pages
2018-08-05T01:48:07.277Z - info: Pages rebuilt
2018-08-05T01:48:07.310Z - info: Site data built
2018-08-05T01:51:41.867Z - info: [09:51:41] Reload for file change: /home/anarayan/workspace/CS2113/aug2018/website/admin/project-constraints.md
2018-08-05T01:51:42.868Z - verbose: Rebuild affected paths: /home/anarayan/workspace/CS2113/aug2018/website/admin/project-constraints.md
2018-08-05T01:51:42.871Z - info: Rebuilding 6 pages
2018-08-05T01:52:36.054Z - info: Pages rebuilt
2018-08-05T01:52:36.082Z - info: Site data built
2018-08-05T01:53:41.066Z - info: [09:53:41] Reload for file change: /home/anarayan/workspace/CS2113/aug2018/website/admin/project-constraints.md
2018-08-05T01:53:42.067Z - verbose: Rebuild affected paths: /home/anarayan/workspace/CS2113/aug2018/website/admin/project-constraints.md
2018-08-05T01:53:42.071Z - info: Rebuilding 6 pages
2018-08-05T01:54:28.696Z - info: Pages rebuilt
2018-08-05T01:54:28.744Z - info: Site data built
2018-08-05T01:57:15.351Z - info: [09:57:15] Reload for file change: /home/anarayan/workspace/CS2113/aug2018/website/admin/project-constraints.md
2018-08-05T01:57:16.353Z - verbose: Rebuild affected paths: /home/anarayan/workspace/CS2113/aug2018/website/admin/project-constraints.md
2018-08-05T01:57:16.355Z - info: Rebuilding 6 pages
2018-08-05T01:58:06.576Z - info: Pages rebuilt
2018-08-05T01:58:06.599Z - info: Site data built
2018-08-05T02:03:26.335Z - info: [10:03:26] Reload for file change: /home/anarayan/workspace/CS2113/aug2018/website/admin/project-timeline.md
2018-08-05T02:03:27.336Z - verbose: Rebuild affected paths: /home/anarayan/workspace/CS2113/aug2018/website/admin/project-timeline.md
2018-08-05T02:03:27.348Z - info: Rebuilding 26 pages
2018-08-05T02:05:21.461Z - info: Pages rebuilt
2018-08-05T02:05:21.516Z - info: Site data built
2018-08-05T05:29:52.537Z - info: [13:29:52] Reload for file change: /home/anarayan/workspace/CS2113/aug2018/website/book/softwareEngineering/introduction/prosAndCons/text.md
2018-08-05T05:29:52.538Z - info: [13:29:52] Reload for file change: /home/anarayan/workspace/CS2113/aug2018/website/book/softwareEngineering/introduction/prosAndCons/text.md
2018-08-05T05:29:53.538Z - verbose: Rebuild affected paths: /home/anarayan/workspace/CS2113/aug2018/website/book/softwareEngineering/introduction/prosAndCons/text.md
2018-08-05T05:29:53.539Z - info: Rebuilding 7 pages
2018-08-05T05:30:20.963Z - info: [13:30:20] Reload for file change: /home/anarayan/workspace/CS2113/aug2018/website/book/softwareEngineering/introduction/prosAndCons/text.md
2018-08-05T05:31:03.582Z - info: Pages rebuilt
2018-08-05T05:31:03.595Z - info: Site data built
2018-08-05T05:31:03.765Z - verbose: Rebuild affected paths: /home/anarayan/workspace/CS2113/aug2018/website/book/softwareEngineering/introduction/prosAndCons/text.md
2018-08-05T05:31:03.766Z - info: Rebuilding 7 pages
2018-08-05T05:32:06.387Z - info: Pages rebuilt
2018-08-05T05:32:06.402Z - info: Site data built
2018-08-05T07:02:59.838Z - info: Website generation started at 15:02:56
2018-08-05T07:03:02.539Z - info: Building assets...
2018-08-05T07:03:07.012Z - info: Assets built
2018-08-05T07:03:07.208Z - info: Generating pages...
2018-08-05T07:08:49.201Z - info: Pages built
2018-08-05T07:08:49.520Z - info: Site data built
2018-08-05T07:08:49.520Z - info: Website generation complete! Total build time: 352.825s
2018-08-05T07:08:49.521Z - info: Build success!
2018-08-05T07:08:49.522Z - info: Generate Site durationMs=352826
2018-08-05T07:13:01.710Z - error: EACCES: permission denied, mkdir '/usr/lib/node_modules/markbind-cli/node_modules/gh-pages/.cache'
2018-08-05T07:13:05.109Z - info: Website generation started at 15:13:04
2018-08-05T07:13:05.913Z - info: Building assets...
