2018-11-05T06:32:59.883Z - info: Pages built
2018-11-05T06:32:59.998Z - info: Site data built
2018-11-05T06:33:00.004Z - info: Generate Site durationMs=75806
2018-11-05T06:33:00.231Z - info: Serving "E:\Teaching\aug2018\website\_site" at http://127.0.0.1:8080
2018-11-05T06:33:00.231Z - info: Press CTRL+C to stop ...
2018-11-05T06:35:01.562Z - info: Reload for file change: E:\Teaching\aug2018\website\admin\project-deliverables.md
2018-11-05T06:35:02.564Z - verbose: Rebuild affected paths: E:\Teaching\aug2018\website\admin\project-deliverables.md
2018-11-05T06:35:02.568Z - info: Rebuilding 25 pages
2018-11-05T06:35:31.589Z - info: Reload for file change: E:\Teaching\aug2018\website\admin\project-deliverables.md
2018-11-05T06:35:32.909Z - info: Pages rebuilt
2018-11-05T06:35:32.920Z - info: Site data built
2018-11-05T06:35:33.017Z - verbose: Rebuild affected paths: E:\Teaching\aug2018\website\admin\project-deliverables.md
2018-11-05T06:35:33.021Z - info: Rebuilding 24 pages
2018-11-05T06:36:02.178Z - info: Reload for file change: E:\Teaching\aug2018\website\admin\project-deliverables.md
2018-11-05T06:36:04.182Z - info: Pages rebuilt
2018-11-05T06:36:04.193Z - info: Site data built
2018-11-05T06:36:04.302Z - verbose: Rebuild affected paths: E:\Teaching\aug2018\website\admin\project-deliverables.md
2018-11-05T06:36:04.309Z - info: Rebuilding 24 pages
2018-11-05T06:36:34.522Z - info: Pages rebuilt
2018-11-05T06:36:34.534Z - info: Site data built
2018-11-05T06:37:00.848Z - info: Reload for file change: E:\Teaching\aug2018\website\admin\project-deliverables.md
2018-11-05T06:37:01.851Z - verbose: Rebuild affected paths: E:\Teaching\aug2018\website\admin\project-deliverables.md
2018-11-05T06:37:01.854Z - info: Rebuilding 24 pages
2018-11-05T06:37:32.055Z - info: Pages rebuilt
2018-11-05T06:37:32.066Z - info: Site data built
2018-11-05T06:37:56.922Z - info: Reload for file change: E:\Teaching\aug2018\website\admin\project-deliverables.md
2018-11-05T06:37:57.923Z - verbose: Rebuild affected paths: E:\Teaching\aug2018\website\admin\project-deliverables.md
2018-11-05T06:37:57.926Z - info: Rebuilding 24 pages
2018-11-05T06:38:24.524Z - info: Reload for file change: E:\Teaching\aug2018\website\admin\project-deliverables.md
2018-11-05T06:38:28.525Z - info: Pages rebuilt
2018-11-05T06:38:28.533Z - info: Site data built
2018-11-05T06:38:28.629Z - verbose: Rebuild affected paths: E:\Teaching\aug2018\website\admin\project-deliverables.md
2018-11-05T06:38:28.631Z - info: Rebuilding 24 pages
2018-11-05T06:38:54.062Z - info: Reload for file change: E:\Teaching\aug2018\website\admin\project-deliverables.md
2018-11-05T06:38:57.992Z - info: Pages rebuilt
2018-11-05T06:38:58.003Z - info: Site data built
2018-11-05T06:38:58.112Z - verbose: Rebuild affected paths: E:\Teaching\aug2018\website\admin\project-deliverables.md
2018-11-05T06:38:58.114Z - info: Rebuilding 24 pages
2018-11-05T06:39:25.929Z - info: Reload for file change: E:\Teaching\aug2018\website\admin\project-deliverables.md
2018-11-05T06:39:27.177Z - info: Pages rebuilt
2018-11-05T06:39:27.187Z - info: Site data built
2018-11-05T06:39:27.284Z - verbose: Rebuild affected paths: E:\Teaching\aug2018\website\admin\project-deliverables.md
2018-11-05T06:39:27.287Z - info: Rebuilding 24 pages
2018-11-05T06:39:56.465Z - info: Pages rebuilt
2018-11-05T06:39:56.475Z - info: Site data built
2018-11-05T06:40:11.554Z - info: Reload for file change: E:\Teaching\aug2018\website\admin\project-deliverables.md
2018-11-05T06:40:12.555Z - verbose: Rebuild affected paths: E:\Teaching\aug2018\website\admin\project-deliverables.md
2018-11-05T06:40:12.558Z - info: Rebuilding 24 pages
2018-11-05T06:40:36.468Z - info: Reload for file change: E:\Teaching\aug2018\website\admin\project-deliverables.md
2018-11-05T06:40:40.641Z - info: Pages rebuilt
2018-11-05T06:40:40.648Z - info: Site data built
2018-11-05T06:40:40.702Z - verbose: Rebuild affected paths: E:\Teaching\aug2018\website\admin\project-deliverables.md
2018-11-05T06:40:40.704Z - info: Rebuilding 24 pages
2018-11-05T06:41:09.233Z - info: Pages rebuilt
2018-11-05T06:41:09.241Z - info: Site data built
2018-11-05T06:41:28.466Z - info: Reload for file change: E:\Teaching\aug2018\website\admin\project-deliverables.md
2018-11-05T06:41:29.466Z - verbose: Rebuild affected paths: E:\Teaching\aug2018\website\admin\project-deliverables.md
2018-11-05T06:41:29.469Z - info: Rebuilding 24 pages
2018-11-05T06:41:40.979Z - info: Reload for file change: E:\Teaching\aug2018\website\admin\project-deliverables.md
2018-11-05T06:41:58.099Z - info: Pages rebuilt
2018-11-05T06:41:58.107Z - info: Site data built
2018-11-05T06:41:58.164Z - verbose: Rebuild affected paths: E:\Teaching\aug2018\website\admin\project-deliverables.md
2018-11-05T06:41:58.166Z - info: Rebuilding 24 pages
2018-11-05T06:42:09.447Z - info: Reload for file change: E:\Teaching\aug2018\website\admin\project-deliverables.md
2018-11-05T06:42:26.725Z - info: Pages rebuilt
2018-11-05T06:42:26.742Z - info: Site data built
2018-11-05T06:42:26.800Z - verbose: Rebuild affected paths: E:\Teaching\aug2018\website\admin\project-deliverables.md
2018-11-05T06:42:26.802Z - info: Rebuilding 24 pages
2018-11-05T06:42:56.488Z - info: Pages rebuilt
2018-11-05T06:42:56.496Z - info: Site data built
2018-11-05T06:44:11.606Z - info: Reload for file change: E:\Teaching\aug2018\website\admin\project-deliverables.md
2018-11-05T06:44:12.607Z - verbose: Rebuild affected paths: E:\Teaching\aug2018\website\admin\project-deliverables.md
2018-11-05T06:44:12.610Z - info: Rebuilding 24 pages
2018-11-05T06:44:37.529Z - info: Reload for file change: E:\Teaching\aug2018\website\admin\project-deliverables.md
2018-11-05T06:44:41.753Z - info: Pages rebuilt
2018-11-05T06:44:41.759Z - info: Site data built
2018-11-05T06:44:41.812Z - verbose: Rebuild affected paths: E:\Teaching\aug2018\website\admin\project-deliverables.md
2018-11-05T06:44:41.814Z - info: Rebuilding 24 pages
2018-11-05T06:45:10.010Z - info: Pages rebuilt
2018-11-05T06:45:10.019Z - info: Site data built
2018-11-05T06:46:42.773Z - info: Reload for file change: E:\Teaching\aug2018\website\admin\project-deliverables.md
2018-11-05T06:46:43.776Z - verbose: Rebuild affected paths: E:\Teaching\aug2018\website\admin\project-deliverables.md
2018-11-05T06:46:43.779Z - info: Rebuilding 24 pages
2018-11-05T06:47:08.544Z - info: Reload for file change: E:\Teaching\aug2018\website\admin\project-deliverables.md
2018-11-05T06:47:12.731Z - info: Pages rebuilt
2018-11-05T06:47:12.738Z - info: Site data built
2018-11-05T06:47:12.793Z - verbose: Rebuild affected paths: E:\Teaching\aug2018\website\admin\project-deliverables.md
2018-11-05T06:47:12.795Z - info: Rebuilding 24 pages
2018-11-05T06:47:24.270Z - info: Reload for file change: E:\Teaching\aug2018\website\admin\project-deliverables.md
2018-11-05T06:47:41.938Z - info: Pages rebuilt
2018-11-05T06:47:41.946Z - info: Site data built
2018-11-05T06:47:42.004Z - verbose: Rebuild affected paths: E:\Teaching\aug2018\website\admin\project-deliverables.md
2018-11-05T06:47:42.006Z - info: Rebuilding 24 pages
2018-11-05T06:48:10.675Z - info: Pages rebuilt
2018-11-05T06:48:10.682Z - info: Site data built
2018-11-05T06:48:19.941Z - info: Reload for file change: E:\Teaching\aug2018\website\admin\project-deliverables.md
2018-11-05T06:48:20.943Z - verbose: Rebuild affected paths: E:\Teaching\aug2018\website\admin\project-deliverables.md
2018-11-05T06:48:20.945Z - info: Rebuilding 24 pages
2018-11-05T06:48:49.501Z - info: Pages rebuilt
2018-11-05T06:48:49.510Z - info: Site data built
2018-11-05T06:48:50.661Z - info: Reload for file change: E:\Teaching\aug2018\website\admin\project-deliverables.md
2018-11-05T06:48:51.662Z - verbose: Rebuild affected paths: E:\Teaching\aug2018\website\admin\project-deliverables.md
2018-11-05T06:48:51.668Z - info: Rebuilding 24 pages
2018-11-05T06:49:20.198Z - info: Pages rebuilt
2018-11-05T06:49:20.207Z - info: Site data built
2018-11-05T06:49:30.022Z - info: Reload for file change: E:\Teaching\aug2018\website\admin\project-deliverables.md
2018-11-05T06:49:31.024Z - verbose: Rebuild affected paths: E:\Teaching\aug2018\website\admin\project-deliverables.md
2018-11-05T06:49:31.026Z - info: Rebuilding 24 pages
2018-11-05T06:49:42.068Z - info: Reload for file change: E:\Teaching\aug2018\website\admin\project-deliverables.md
2018-11-05T06:49:59.098Z - info: Pages rebuilt
2018-11-05T06:49:59.106Z - info: Site data built
2018-11-05T06:49:59.157Z - verbose: Rebuild affected paths: E:\Teaching\aug2018\website\admin\project-deliverables.md
2018-11-05T06:49:59.159Z - info: Rebuilding 24 pages
2018-11-05T06:50:27.677Z - info: Pages rebuilt
2018-11-05T06:50:27.685Z - info: Site data built
2018-11-05T06:50:30.166Z - info: Reload for file change: E:\Teaching\aug2018\website\admin\project-deliverables.md
2018-11-05T06:50:31.168Z - verbose: Rebuild affected paths: E:\Teaching\aug2018\website\admin\project-deliverables.md
2018-11-05T06:50:31.170Z - info: Rebuilding 24 pages
2018-11-05T06:50:59.394Z - info: Pages rebuilt
2018-11-05T06:50:59.401Z - info: Site data built
2018-11-05T06:52:05.703Z - info: Reload for file change: E:\Teaching\aug2018\website\admin\project-deliverables.md
2018-11-05T06:52:06.705Z - verbose: Rebuild affected paths: E:\Teaching\aug2018\website\admin\project-deliverables.md
2018-11-05T06:52:06.711Z - info: Rebuilding 24 pages
2018-11-05T06:52:31.781Z - info: Reload for file change: E:\Teaching\aug2018\website\admin\project-deliverables.md
2018-11-05T06:52:35.809Z - info: Pages rebuilt
2018-11-05T06:52:35.822Z - info: Site data built
2018-11-05T06:52:35.886Z - verbose: Rebuild affected paths: E:\Teaching\aug2018\website\admin\project-deliverables.md
2018-11-05T06:52:35.888Z - info: Rebuilding 24 pages
2018-11-05T06:53:04.791Z - info: Pages rebuilt
2018-11-05T06:53:04.801Z - info: Site data built
2018-11-05T06:53:40.951Z - info: Reload for file change: E:\Teaching\aug2018\website\admin\project-deliverables.md
2018-11-05T06:53:41.953Z - verbose: Rebuild affected paths: E:\Teaching\aug2018\website\admin\project-deliverables.md
2018-11-05T06:53:41.962Z - info: Rebuilding 24 pages
2018-11-05T06:54:10.825Z - info: Pages rebuilt
2018-11-05T06:54:10.834Z - info: Site data built
2018-11-05T06:54:34.027Z - info: Reload for file change: E:\Teaching\aug2018\website\admin\project-deliverables.md
2018-11-05T06:54:35.030Z - verbose: Rebuild affected paths: E:\Teaching\aug2018\website\admin\project-deliverables.md
2018-11-05T06:54:35.034Z - info: Rebuilding 24 pages
2018-11-05T06:55:04.160Z - info: Pages rebuilt
2018-11-05T06:55:04.166Z - info: Site data built
2018-11-05T06:55:54.665Z - info: Reload for file change: E:\Teaching\aug2018\website\admin\project-deliverables.md
2018-11-05T06:55:55.665Z - verbose: Rebuild affected paths: E:\Teaching\aug2018\website\admin\project-deliverables.md
2018-11-05T06:55:55.673Z - info: Rebuilding 24 pages
2018-11-05T06:56:24.521Z - info: Pages rebuilt
2018-11-05T06:56:24.529Z - info: Site data built
2018-11-05T06:59:05.878Z - info: Pages built
2018-11-05T06:59:05.981Z - info: Site data built
2018-11-05T06:59:05.981Z - info: Build success!
2018-11-05T06:59:05.982Z - info: Generate Site durationMs=68011
2018-11-05T07:19:28.328Z - info: Pages built
2018-11-05T07:19:28.431Z - info: Site data built
2018-11-05T07:19:28.431Z - info: Build success!
2018-11-05T07:19:28.432Z - info: Generate Site durationMs=70460
2018-11-05T07:23:21.408Z - info: Pages built
2018-11-05T07:23:21.508Z - info: Site data built
2018-11-05T07:23:21.514Z - info: Generate Site durationMs=70986
2018-11-05T07:23:21.733Z - info: Serving "E:\Teaching\aug2018\website\_site" at http://127.0.0.1:8080
2018-11-05T07:23:21.734Z - info: Press CTRL+C to stop ...
2018-11-05T07:24:21.696Z - info: Reload for file change: E:\Teaching\aug2018\website\schedule\week11\lecture.md
2018-11-05T07:24:21.700Z - info: Reload for file change: E:\Teaching\aug2018\website\schedule\index.md
2018-11-05T07:24:22.698Z - verbose: Rebuild affected paths: E:\Teaching\aug2018\website\schedule\week11\lecture.md,E:\Teaching\aug2018\website\schedule\index.md
2018-11-05T07:24:22.700Z - info: Rebuilding 5 pages
2018-11-05T07:24:39.958Z - info: Pages rebuilt
2018-11-05T07:24:39.971Z - info: Site data built
2018-11-05T07:25:12.368Z - info: Reload for file change: E:\Teaching\aug2018\website\schedule\week12\lecture.md
2018-11-05T07:25:13.369Z - verbose: Rebuild affected paths: E:\Teaching\aug2018\website\schedule\week12\lecture.md
2018-11-05T07:25:13.370Z - info: Rebuilding 3 pages
2018-11-05T07:25:29.964Z - info: Pages rebuilt
2018-11-05T07:25:29.973Z - info: Site data built
2018-11-05T07:25:31.640Z - info: Reload for file deletion: E:\Teaching\aug2018\website\schedule\week12\tutorial.md
2018-11-05T07:25:32.642Z - verbose: Rebuild affected paths: E:\Teaching\aug2018\website\schedule\week12\tutorial.md
2018-11-05T07:25:32.644Z - info: Rebuilding 3 pages
2018-11-05T07:25:46.648Z - info: Reload for file add: E:\Teaching\aug2018\website\schedule\week12\tutorial.md
2018-11-05T07:25:49.515Z - info: Pages rebuilt
2018-11-05T07:25:49.528Z - info: Site data built
2018-11-05T07:25:49.719Z - verbose: Rebuild affected paths: E:\Teaching\aug2018\website\schedule\week12\tutorial.md
2018-11-05T07:25:49.733Z - info: Rebuilding 3 pages
2018-11-05T07:26:06.071Z - info: Pages rebuilt
2018-11-05T07:26:06.082Z - info: Site data built
2018-11-05T07:26:54.562Z - info: Reload for file change: E:\Teaching\aug2018\website\schedule\week12\tutorial.md
2018-11-05T07:26:55.564Z - verbose: Rebuild affected paths: E:\Teaching\aug2018\website\schedule\week12\tutorial.md
2018-11-05T07:26:55.565Z - info: Rebuilding 3 pages
2018-11-05T07:27:12.423Z - info: Pages rebuilt
2018-11-05T07:27:12.436Z - info: Site data built
2018-11-05T07:27:34.261Z - info: Reload for file change: E:\Teaching\aug2018\website\schedule\week12\tutorial.md
2018-11-05T07:27:35.263Z - verbose: Rebuild affected paths: E:\Teaching\aug2018\website\schedule\week12\tutorial.md
2018-11-05T07:27:35.263Z - info: Rebuilding 3 pages
2018-11-05T07:27:52.456Z - info: Pages rebuilt
2018-11-05T07:27:52.466Z - info: Site data built
2018-11-05T07:28:54.509Z - info: Reload for file change: E:\Teaching\aug2018\website\schedule\week12\tutorial.md
2018-11-05T07:28:55.510Z - verbose: Rebuild affected paths: E:\Teaching\aug2018\website\schedule\week12\tutorial.md
2018-11-05T07:28:55.511Z - info: Rebuilding 3 pages
2018-11-05T07:29:11.742Z - info: Pages rebuilt
2018-11-05T07:29:11.753Z - info: Site data built
2018-11-05T07:32:08.236Z - info: Reload for file change: E:\Teaching\aug2018\website\admin\project-w12-mid-v14.md
2018-11-05T07:32:09.239Z - verbose: Rebuild affected paths: E:\Teaching\aug2018\website\admin\project-w12-mid-v14.md
2018-11-05T07:32:09.240Z - info: Rebuilding 6 pages
2018-11-05T07:32:29.142Z - info: Pages rebuilt
2018-11-05T07:32:29.150Z - info: Site data built
2018-11-05T07:53:42.806Z - info: Reload for file change: E:\Teaching\aug2018\website\admin\projectList.md
2018-11-05T07:53:43.808Z - verbose: Rebuild affected paths: E:\Teaching\aug2018\website\admin\projectList.md
2018-11-05T07:53:43.808Z - info: Rebuilding 1 pages
2018-11-05T07:53:44.111Z - info: Pages rebuilt
2018-11-05T07:53:44.123Z - info: Site data built
2018-11-05T08:00:44.825Z - info: Reload for file change: E:\Teaching\aug2018\website\admin\projectList.md
2018-11-05T08:00:45.827Z - verbose: Rebuild affected paths: E:\Teaching\aug2018\website\admin\projectList.md
2018-11-05T08:00:45.830Z - info: Rebuilding 1 pages
2018-11-05T08:00:46.060Z - info: Pages rebuilt
2018-11-05T08:00:46.065Z - info: Site data built
